#
# A fatal error has been detected by the Java Runtime Environment:
#
#  EXCEPTION_ACCESS_VIOLATION (0xc0000005) at pc=0x000002688001c9ff, pid=12540, tid=13748
#
# JRE version: OpenJDK Runtime Environment (11.0.15) (build 11.0.15+0-b2043.56-9505619)
# Java VM: OpenJDK 64-Bit Server VM (11.0.15+0-b2043.56-9505619, mixed mode, tiered, compressed oops, g1 gc, windows-amd64)
# Problematic frame:
# j  org.gradle.api.internal.artifacts.DependencyManagementValueSnapshotterSerializerRegistry.<init>(Lorg/gradle/api/internal/artifacts/ImmutableModuleIdentifierFactory;Lorg/gradle/api/internal/attributes/ImmutableAttributesFactory;Lorg/gradle/api/internal/model/NamedObjectInstantiator;Lorg/gradle/api/internal/artifacts/ivyservice/resolveengine/result/ComponentSelectionDescriptorFactory;)V+30
#
# No core dump will be written. Minidumps are not enabled by default on client versions of Windows
#
# If you would like to submit a bug report, please visit:
#   https://bugreport.java.com/bugreport/crash.jsp
#

---------------  S U M M A R Y ------------

Command Line: --add-opens=java.base/java.util=ALL-UNNAMED --add-opens=java.base/java.lang=ALL-UNNAMED --add-opens=java.base/java.lang.invoke=ALL-UNNAMED --add-opens=java.base/java.util=ALL-UNNAMED --add-opens=java.prefs/java.util.prefs=ALL-UNNAMED --add-opens=java.prefs/java.util.prefs=ALL-UNNAMED --add-opens=java.base/java.nio.charset=ALL-UNNAMED --add-opens=java.base/java.net=ALL-UNNAMED --add-opens=java.base/java.util.concurrent.atomic=ALL-UNNAMED -Xmx2048m -Dfile.encoding=UTF-8 -Duser.country=IN -Duser.language=en -Duser.variant org.gradle.launcher.daemon.bootstrap.GradleDaemon 7.5

Host: Intel(R) Core(TM) i7-8750H CPU @ 2.20GHz, 12 cores, 15G,  Windows 10 , 64 bit Build 19041 (10.0.19041.546)
Time: Tue Apr 18 23:47:11 2023 India Standard Time elapsed time: 2794.373570 seconds (0d 0h 46m 34s)

---------------  T H R E A D  ---------------

Current thread (0x0000026893f6a800):  JavaThread "Daemon worker Thread 2" [_thread_in_Java, id=13748, stack(0x0000008f0d500000,0x0000008f0d600000)]

Stack: [0x0000008f0d500000,0x0000008f0d600000],  sp=0x0000008f0d5f78e0,  free space=990k
Native frames: (J=compiled Java code, j=interpreted, Vv=VM code, C=native code)
C  0x000002688001c9ff


siginfo: EXCEPTION_ACCESS_VIOLATION (0xc0000005), reading address 0xffffffffffffffff


Register to memory mapping:

RIP=0x000002688001c9ff is at code_begin+703 in an Interpreter codelet
invokespecial  183 invokespecial  [0x000002688001c740, 0x000002688001ca20]  736 bytes
RAX=0x0 is NULL
RBX=0x00000268ff8e9304 is pointing into metadata
RCX=0x00000268935fb5a0 points into unknown readable memory: 0x000000008f930ae8 | e8 0a 93 8f 00 00 00 00
RDX=0x000002688000a4c3 is at code_begin+2307 in an Interpreter codelet
invoke return entry points  [0x0000026880009bc0, 0x000002688000a5a0]  2528 bytes
RSP=0x0000008f0d5f78e0 is pointing into the stack for thread: 0x0000026893f6a800
RBP=0x0000008f0d5f7948 is pointing into the stack for thread: 0x0000026893f6a800
RSI=0x0 is NULL
RDI=0x000000000031f030 is an unknown value
R8 =0x00000268f28cc202 points into unknown readable memory: 20 20 20 20 20 20
R9 =0x0000000081034618 is an oop: java.lang.Class 
{0x0000000081034618} - klass: 'java/lang/Class'
R10=0x00007ff80c624ff0 jvm.dll
R11=537354321 is a compressed pointer to class: 0x00000001003b0288
org.gradle.internal.resolve.caching.DesugaringAttributeContainerSerializer {0x00000001003b0290}
R12=0x0 is NULL
R13=0x0000008f0d5f78e8 is pointing into the stack for thread: 0x0000026893f6a800
R14=0x0000008f0d5f79a8 is pointing into the stack for thread: 0x0000026893f6a800
R15=0x0000026893f6a800 is a thread


Registers:
RAX=0x0000000000000000, RBX=0x00000268ff8e9304, RCX=0x00000268935fb5a0, RDX=0x000002688000a4c3
RSP=0x0000008f0d5f78e0, RBP=0x0000008f0d5f7948, RSI=0x0000000000000000, RDI=0x000000000031f030
R8 =0x00000268f28cc202, R9 =0x0000000081034618, R10=0x00007ff80c624ff0, R11=0x0000000020076051
R12=0x0000000000000000, R13=0x0000008f0d5f78e8, R14=0x0000008f0d5f79a8, R15=0x0000026893f6a800
RIP=0x000002688001c9ff, EFLAGS=0x0000000000010246

Top of Stack: (sp=0x0000008f0d5f78e0)
0x0000008f0d5f78e0:   000002688000a4c3 00000000818a7d10
0x0000008f0d5f78f0:   000000008f8404e8 000000008f8404e8
0x0000008f0d5f7900:   0000008f0d5f7900 00000268ff8e00c6
0x0000008f0d5f7910:   0000008f0d5f79a8 00000268ff8e05f8
0x0000008f0d5f7920:   0000000000000000 0000000081a58130
0x0000008f0d5f7930:   00000268ff8e0230 0000008f0d5f78e8
0x0000008f0d5f7940:   0000008f0d5f7988 0000008f0d5f7a00
0x0000008f0d5f7950:   000002688000a4c3 0000000000000000
0x0000008f0d5f7960:   0000000000000000 0000000000000000
0x0000008f0d5f7970:   0000000000000000 000000008f8404d0
0x0000008f0d5f7980:   000000008f8404b0 000000008f83fc88
0x0000008f0d5f7990:   0000000080a47ca0 000000008f9437c8
0x0000008f0d5f79a0:   00000000818a7d10 000000008f840428
0x0000008f0d5f79b0:   000000008f840428 0000008f0d5f79b8
0x0000008f0d5f79c0:   00000268fe956129 0000008f0d5f7a30
0x0000008f0d5f79d0:   00000268fe9563d8 0000000000000000 

Instructions: (pc=0x000002688001c9ff)
0x000002688001c8ff:   75 0a 48 81 48 08 01 00 00 00 eb 4d 45 8b 6d 08
0x000002688001c90f:   49 c1 e5 03 4c 33 68 08 49 f7 c5 fc ff ff ff 74
0x000002688001c91f:   38 49 f7 c5 02 00 00 00 75 2f 48 81 78 08 00 00
0x000002688001c92f:   00 00 74 21 48 81 78 08 01 00 00 00 74 17 4c 33
0x000002688001c93f:   68 08 49 f7 c5 fc ff ff ff 74 0e 48 81 48 08 02
0x000002688001c94f:   00 00 00 eb 04 4c 89 68 08 48 83 c0 10 4c 8b 68
0x000002688001c95f:   e8 41 83 ed 02 41 83 fd 02 0f 8c 7d 00 00 00 4c
0x000002688001c96f:   8b 6b 08 45 0f b7 6d 34 4c 2b 28 41 83 ed 01 4e
0x000002688001c97f:   8b 6c ec 08 4d 85 ed 75 0a 48 81 48 08 01 00 00
0x000002688001c98f:   00 eb 4d 45 8b 6d 08 49 c1 e5 03 4c 33 68 08 49
0x000002688001c99f:   f7 c5 fc ff ff ff 74 38 49 f7 c5 02 00 00 00 75
0x000002688001c9af:   2f 48 81 78 08 00 00 00 00 74 21 48 81 78 08 01
0x000002688001c9bf:   00 00 00 74 17 4c 33 68 08 49 f7 c5 fc ff ff ff
0x000002688001c9cf:   74 0e 48 81 48 08 02 00 00 00 eb 04 4c 89 68 08
0x000002688001c9df:   48 83 c0 10 4c 8b 68 d8 41 83 ed 04 41 c1 e5 03
0x000002688001c9ef:   49 03 c5 48 89 45 d8 4c 8d 6c 24 08 4c 89 6d f0
0x000002688001c9ff:   ff 63 48 66 0f 1f 44 00 00 00 00 00 00 00 00 00
0x000002688001ca0f:   00 00 00 00 00 00 00 00 00 00 00 00 00 00 00 00
0x000002688001ca1f:   00 e0 02 00 00 00 00 00 00 c0 68 3c 0c f8 7f 00
0x000002688001ca2f:   00 b8 00 00 00 00 00 00 00 00 00 00 00 00 00 00
0x000002688001ca3f:   00 50 e9 39 00 00 00 48 83 ec 08 c5 fa 11 04 24
0x000002688001ca4f:   e9 2b 00 00 00 48 83 ec 10 c5 fb 11 04 24 e9 1d
0x000002688001ca5f:   00 00 00 48 83 ec 10 48 89 04 24 49 ba 00 00 00
0x000002688001ca6f:   00 00 00 00 00 4c 89 54 24 08 e9 01 00 00 00 50
0x000002688001ca7f:   4c 89 6d c0 41 0f b7 55 01 48 8b 4d d0 c1 e2 02
0x000002688001ca8f:   8b 5c d1 20 c1 eb 10 81 e3 ff 00 00 00 81 fb b8
0x000002688001ca9f:   00 00 00 0f 84 c8 00 00 00 bb b8 00 00 00 e8 05
0x000002688001caaf:   00 00 00 e9 ad 00 00 00 48 8b d3 48 8d 44 24 08
0x000002688001cabf:   4c 89 6d c0 49 8b cf c5 f8 77 49 89 af 38 03 00
0x000002688001cacf:   00 49 89 87 28 03 00 00 48 83 ec 20 f7 c4 0f 00
0x000002688001cadf:   00 00 0f 84 1a 00 00 00 48 83 ec 08 49 ba 70 51
0x000002688001caef:   eb 0b f8 7f 00 00 41 ff d2 48 83 c4 08 e9 0d 00 


Stack slot to memory mapping:
stack at sp + 0 slots: 0x000002688000a4c3 is at code_begin+2307 in an Interpreter codelet
invoke return entry points  [0x0000026880009bc0, 0x000002688000a5a0]  2528 bytes
stack at sp + 1 slots: 0x00000000818a7d10 is an oop: org.gradle.api.internal.artifacts.DefaultImmutableModuleIdentifierFactory 
{0x00000000818a7d10} - klass: 'org/gradle/api/internal/artifacts/DefaultImmutableModuleIdentifierFactory'
stack at sp + 2 slots: 0x000000008f8404e8 is an oop: org.gradle.api.internal.artifacts.ModuleVersionIdentifierSerializer 
{0x000000008f8404e8} - klass: 'org/gradle/api/internal/artifacts/ModuleVersionIdentifierSerializer'
stack at sp + 3 slots: 0x000000008f8404e8 is an oop: org.gradle.api.internal.artifacts.ModuleVersionIdentifierSerializer 
{0x000000008f8404e8} - klass: 'org/gradle/api/internal/artifacts/ModuleVersionIdentifierSerializer'
stack at sp + 4 slots: 0x0000008f0d5f7900 is pointing into the stack for thread: 0x0000026893f6a800
stack at sp + 5 slots: 0x00000268ff8e00c6 is pointing into metadata
stack at sp + 6 slots: 0x0000008f0d5f79a8 is pointing into the stack for thread: 0x0000026893f6a800
stack at sp + 7 slots: 0x00000268ff8e05f8 is pointing into metadata

invokespecial  183 invokespecial  [0x000002688001c740, 0x000002688001ca20]  736 bytes

---------------  P R O C E S S  ---------------

Threads class SMR info:
_java_thread_list=0x00000268fb9cb620, length=44, elements={
0x00000268ec46d800, 0x00000268fa5bb800, 0x00000268fa5c4800, 0x00000268fa619000,
0x00000268fa61b000, 0x00000268fa61d000, 0x00000268fa620000, 0x00000268fa623800,
0x00000268fa62e800, 0x00000268fa794000, 0x00000268fca40000, 0x00000268fa97b800,
0x00000268fcb0c800, 0x00000268fc7a8000, 0x00000268fc7a9000, 0x00000268fc7a5000,
0x00000268fc7aa000, 0x00000268fc7a6000, 0x00000268fc7a6800, 0x00000268fdd53800,
0x00000268fdd52800, 0x00000268fdd56800, 0x00000268fdd55000, 0x00000268fdd51000,
0x00000268fdd58000, 0x000002688f8bc000, 0x000002688f8c8000, 0x000002688f8c2800,
0x000002688f8c3000, 0x000002688f8c4000, 0x000002688f8c9000, 0x000002688f8c5800,
0x000002688f8c7800, 0x00000268951e1000, 0x0000026893f7c000, 0x0000026893f6c800,
0x0000026893f6b800, 0x0000026893f70800, 0x0000026893f6a800, 0x0000026893f6f000,
0x0000026893f72000, 0x0000026893f6f800, 0x00000268fc006000, 0x0000026893599800
}

Java Threads: ( => current thread )
  0x00000268ec46d800 JavaThread "main" [_thread_blocked, id=8388, stack(0x0000008f0bc00000,0x0000008f0bd00000)]
  0x00000268fa5bb800 JavaThread "Reference Handler" daemon [_thread_blocked, id=8468, stack(0x0000008f0c300000,0x0000008f0c400000)]
  0x00000268fa5c4800 JavaThread "Finalizer" daemon [_thread_blocked, id=13104, stack(0x0000008f0c400000,0x0000008f0c500000)]
  0x00000268fa619000 JavaThread "Signal Dispatcher" daemon [_thread_blocked, id=2940, stack(0x0000008f0c500000,0x0000008f0c600000)]
  0x00000268fa61b000 JavaThread "Attach Listener" daemon [_thread_blocked, id=9504, stack(0x0000008f0c600000,0x0000008f0c700000)]
  0x00000268fa61d000 JavaThread "Service Thread" daemon [_thread_blocked, id=11680, stack(0x0000008f0c700000,0x0000008f0c800000)]
  0x00000268fa620000 JavaThread "C2 CompilerThread0" daemon [_thread_in_native, id=6108, stack(0x0000008f0c800000,0x0000008f0c900000)]
  0x00000268fa623800 JavaThread "C1 CompilerThread0" daemon [_thread_blocked, id=8724, stack(0x0000008f0c900000,0x0000008f0ca00000)]
  0x00000268fa62e800 JavaThread "Sweeper thread" daemon [_thread_blocked, id=10084, stack(0x0000008f0ca00000,0x0000008f0cb00000)]
  0x00000268fa794000 JavaThread "Common-Cleaner" daemon [_thread_blocked, id=14140, stack(0x0000008f0cb00000,0x0000008f0cc00000)]
  0x00000268fca40000 JavaThread "Daemon health stats" [_thread_blocked, id=12776, stack(0x0000008f0d400000,0x0000008f0d500000)]
  0x00000268fa97b800 JavaThread "Incoming local TCP Connector on port 58940" [_thread_in_native, id=12900, stack(0x0000008f0cd00000,0x0000008f0ce00000)]
  0x00000268fcb0c800 JavaThread "Daemon periodic checks" [_thread_blocked, id=13300, stack(0x0000008f0d300000,0x0000008f0d400000)]
  0x00000268fc7a8000 JavaThread "Cache worker for journal cache (C:\Users\USER\.gradle\caches\journal-1)" [_thread_blocked, id=13684, stack(0x0000008f0dd00000,0x0000008f0de00000)]
  0x00000268fc7a9000 JavaThread "File lock request listener" [_thread_in_native, id=7860, stack(0x0000008f0de00000,0x0000008f0df00000)]
  0x00000268fc7a5000 JavaThread "Cache worker for file hash cache (C:\Users\USER\.gradle\caches\7.5\fileHashes)" [_thread_blocked, id=8220, stack(0x0000008f0df00000,0x0000008f0e000000)]
  0x00000268fc7aa000 JavaThread "File watcher server" daemon [_thread_in_native, id=5876, stack(0x0000008f0e700000,0x0000008f0e800000)]
  0x00000268fc7a6000 JavaThread "File watcher consumer" daemon [_thread_blocked, id=13016, stack(0x0000008f0e800000,0x0000008f0e900000)]
  0x00000268fc7a6800 JavaThread "Cache worker for file content cache (C:\Users\USER\.gradle\caches\7.5\fileContent)" [_thread_blocked, id=1500, stack(0x0000008f0eb00000,0x0000008f0ec00000)]
  0x00000268fdd53800 JavaThread "Cache worker for execution history cache (C:\Users\USER\.gradle\caches\7.5\executionHistory)" [_thread_blocked, id=14148, stack(0x0000008f0ee00000,0x0000008f0ef00000)]
  0x00000268fdd52800 JavaThread "jar transforms" [_thread_blocked, id=12308, stack(0x0000008f0e600000,0x0000008f0e700000)]
  0x00000268fdd56800 JavaThread "jar transforms Thread 2" [_thread_blocked, id=4312, stack(0x0000008f0ef00000,0x0000008f0f000000)]
  0x00000268fdd55000 JavaThread "jar transforms Thread 3" [_thread_blocked, id=9300, stack(0x0000008f0f100000,0x0000008f0f200000)]
  0x00000268fdd51000 JavaThread "jar transforms Thread 4" [_thread_blocked, id=3160, stack(0x0000008f0f200000,0x0000008f0f300000)]
  0x00000268fdd58000 JavaThread "jar transforms Thread 5" [_thread_blocked, id=9192, stack(0x0000008f0f400000,0x0000008f0f500000)]
  0x000002688f8bc000 JavaThread "jar transforms Thread 6" [_thread_blocked, id=12364, stack(0x0000008f16e00000,0x0000008f16f00000)]
  0x000002688f8c8000 JavaThread "jar transforms Thread 7" [_thread_blocked, id=9996, stack(0x0000008f16f00000,0x0000008f17000000)]
  0x000002688f8c2800 JavaThread "jar transforms Thread 8" [_thread_blocked, id=7748, stack(0x0000008f17000000,0x0000008f17100000)]
  0x000002688f8c3000 JavaThread "jar transforms Thread 9" [_thread_blocked, id=5992, stack(0x0000008f17100000,0x0000008f17200000)]
  0x000002688f8c4000 JavaThread "jar transforms Thread 10" [_thread_blocked, id=6576, stack(0x0000008f17200000,0x0000008f17300000)]
  0x000002688f8c9000 JavaThread "jar transforms Thread 11" [_thread_blocked, id=3336, stack(0x0000008f17300000,0x0000008f17400000)]
  0x000002688f8c5800 JavaThread "jar transforms Thread 12" [_thread_blocked, id=13460, stack(0x0000008f17400000,0x0000008f17500000)]
  0x000002688f8c7800 JavaThread "Memory manager" [_thread_blocked, id=12248, stack(0x0000008f17700000,0x0000008f17800000)]
  0x00000268951e1000 JavaThread "pool-3-thread-1" [_thread_blocked, id=5928, stack(0x0000008f17800000,0x0000008f17900000)]
  0x0000026893f7c000 JavaThread "ForkJoinPool.commonPool-worker-7" daemon [_thread_blocked, id=10656, stack(0x0000008f19e00000,0x0000008f19f00000)]
  0x0000026893f6c800 JavaThread "Daemon Thread 2" [_thread_blocked, id=12660, stack(0x0000008f0b900000,0x0000008f0ba00000)]
  0x0000026893f6b800 JavaThread "Handler for socket connection from /127.0.0.1:58940 to /127.0.0.1:60488" [_thread_in_native, id=13620, stack(0x0000008f0ba00000,0x0000008f0bb00000)]
  0x0000026893f70800 JavaThread "Cancel handler" [_thread_blocked, id=3592, stack(0x0000008f0bb00000,0x0000008f0bc00000)]
=>0x0000026893f6a800 JavaThread "Daemon worker Thread 2" [_thread_in_Java, id=13748, stack(0x0000008f0d500000,0x0000008f0d600000)]
  0x0000026893f6f000 JavaThread "Asynchronous log dispatcher for DefaultDaemonConnection: socket connection from /127.0.0.1:58940 to /127.0.0.1:60488" [_thread_blocked, id=2592, stack(0x0000008f0d600000,0x0000008f0d700000)]
  0x0000026893f72000 JavaThread "Stdin handler" [_thread_blocked, id=3312, stack(0x0000008f0d700000,0x0000008f0d800000)]
  0x0000026893f6f800 JavaThread "Daemon client event forwarder" [_thread_blocked, id=3124, stack(0x0000008f0d800000,0x0000008f0d900000)]
  0x00000268fc006000 JavaThread "C2 CompilerThread1" daemon [_thread_in_native, id=8252, stack(0x0000008f0d900000,0x0000008f0da00000)]
  0x0000026893599800 JavaThread "C2 CompilerThread2" daemon [_thread_blocked, id=9344, stack(0x0000008f0da00000,0x0000008f0db00000)]

Other Threads:
  0x00000268fa5b7800 VMThread "VM Thread" [stack: 0x0000008f0c200000,0x0000008f0c300000] [id=3236]
  0x00000268fa7ad800 WatcherThread [stack: 0x0000008f0cc00000,0x0000008f0cd00000] [id=9780]
  0x00000268ec488000 GCTaskThread "GC Thread#0" [stack: 0x0000008f0bd00000,0x0000008f0be00000] [id=12768]
  0x00000268fb3e8000 GCTaskThread "GC Thread#1" [stack: 0x0000008f0ce00000,0x0000008f0cf00000] [id=2724]
  0x00000268fb27e000 GCTaskThread "GC Thread#2" [stack: 0x0000008f0cf00000,0x0000008f0d000000] [id=9156]
  0x00000268fb7f4000 GCTaskThread "GC Thread#3" [stack: 0x0000008f0d000000,0x0000008f0d100000] [id=11896]
  0x00000268fb3b3800 GCTaskThread "GC Thread#4" [stack: 0x0000008f0d100000,0x0000008f0d200000] [id=14108]
  0x00000268fb81c800 GCTaskThread "GC Thread#5" [stack: 0x0000008f0d200000,0x0000008f0d300000] [id=8564]
  0x00000268fceb5800 GCTaskThread "GC Thread#6" [stack: 0x0000008f0e000000,0x0000008f0e100000] [id=3480]
  0x00000268fc49d800 GCTaskThread "GC Thread#7" [stack: 0x0000008f0e100000,0x0000008f0e200000] [id=11384]
  0x00000268fb28d800 GCTaskThread "GC Thread#8" [stack: 0x0000008f0e200000,0x0000008f0e300000] [id=3720]
  0x00000268fb29b000 GCTaskThread "GC Thread#9" [stack: 0x0000008f0e300000,0x0000008f0e400000] [id=752]
  0x00000268ec4bd000 ConcurrentGCThread "G1 Main Marker" [stack: 0x0000008f0be00000,0x0000008f0bf00000] [id=5872]
  0x00000268ec4bf000 ConcurrentGCThread "G1 Conc#0" [stack: 0x0000008f0bf00000,0x0000008f0c000000] [id=6400]
  0x00000268fada9800 ConcurrentGCThread "G1 Conc#1" [stack: 0x0000008f0e400000,0x0000008f0e500000] [id=14080]
  0x00000268faedc800 ConcurrentGCThread "G1 Conc#2" [stack: 0x0000008f0e500000,0x0000008f0e600000] [id=3656]
  0x00000268f9c06800 ConcurrentGCThread "G1 Refine#0" [stack: 0x0000008f0c000000,0x0000008f0c100000] [id=3248]
  0x0000026892652800 ConcurrentGCThread "G1 Refine#1" [stack: 0x0000008f17600000,0x0000008f17700000] [id=8552]
  0x0000026890a54000 ConcurrentGCThread "G1 Refine#2" [stack: 0x0000008f0e900000,0x0000008f0ea00000] [id=11752]
  0x00000268f9c07800 ConcurrentGCThread "G1 Young RemSet Sampling" [stack: 0x0000008f0c100000,0x0000008f0c200000] [id=2952]

Threads with active compile tasks:
C2 CompilerThread0  2794399 14547   !   4       org.gradle.internal.service.DefaultServiceRegistry$ManagedObjectServiceProvider::getInstance (47 bytes)
C2 CompilerThread1  2794399 14546       4       org.gradle.internal.service.DefaultServiceRegistry$SingletonService::get (5 bytes)

VM state:not at safepoint (normal execution)

VM Mutex/Monitor currently owned by a thread: None

Heap address: 0x0000000080000000, size: 2048 MB, Compressed Oops mode: 32-bit
Narrow klass base: 0x0000000000000000, Narrow klass shift: 3
Compressed class space size: 1073741824 Address: 0x0000000100000000

Heap:
 garbage-first heap   total 260096K, used 111052K [0x0000000080000000, 0x0000000100000000)
  region size 1024K, 12 young (12288K), 6 survivors (6144K)
 Metaspace       used 125163K, capacity 132138K, committed 132476K, reserved 1161216K
  class space    used 17440K, capacity 20356K, committed 20480K, reserved 1048576K
Heap Regions: E=young(eden), S=young(survivor), O=old, HS=humongous(starts), HC=humongous(continues), CS=collection set, F=free, A=archive, TAMS=top-at-mark-start (previous, next)
|   0|0x0000000080000000, 0x0000000080100000, 0x0000000080100000|100%| O|  |TAMS 0x0000000080100000, 0x0000000080000000| Untracked 
|   1|0x0000000080100000, 0x0000000080200000, 0x0000000080200000|100%| O|  |TAMS 0x0000000080200000, 0x0000000080100000| Untracked 
|   2|0x0000000080200000, 0x0000000080300000, 0x0000000080300000|100%| O|  |TAMS 0x0000000080300000, 0x0000000080200000| Untracked 
|   3|0x0000000080300000, 0x0000000080400000, 0x0000000080400000|100%|HS|  |TAMS 0x0000000080400000, 0x0000000080300000| Complete 
|   4|0x0000000080400000, 0x0000000080500000, 0x0000000080500000|100%|HC|  |TAMS 0x0000000080500000, 0x0000000080400000| Complete 
|   5|0x0000000080500000, 0x0000000080600000, 0x0000000080600000|100%|HC|  |TAMS 0x0000000080600000, 0x0000000080500000| Complete 
|   6|0x0000000080600000, 0x0000000080700000, 0x0000000080700000|100%| O|  |TAMS 0x0000000080700000, 0x0000000080600000| Untracked 
|   7|0x0000000080700000, 0x0000000080800000, 0x0000000080800000|100%| O|  |TAMS 0x0000000080800000, 0x0000000080700000| Untracked 
|   8|0x0000000080800000, 0x0000000080900000, 0x0000000080900000|100%| O|  |TAMS 0x0000000080900000, 0x0000000080800000| Untracked 
|   9|0x0000000080900000, 0x0000000080a00000, 0x0000000080a00000|100%| O|  |TAMS 0x0000000080a00000, 0x0000000080900000| Untracked 
|  10|0x0000000080a00000, 0x0000000080b00000, 0x0000000080b00000|100%| O|  |TAMS 0x0000000080b00000, 0x0000000080a00000| Untracked 
|  11|0x0000000080b00000, 0x0000000080c00000, 0x0000000080c00000|100%| O|  |TAMS 0x0000000080c00000, 0x0000000080b00000| Untracked 
|  12|0x0000000080c00000, 0x0000000080d00000, 0x0000000080d00000|100%| O|  |TAMS 0x0000000080d00000, 0x0000000080c00000| Untracked 
|  13|0x0000000080d00000, 0x0000000080e00000, 0x0000000080e00000|100%| O|  |TAMS 0x0000000080e00000, 0x0000000080d00000| Untracked 
|  14|0x0000000080e00000, 0x0000000080f00000, 0x0000000080f00000|100%| O|  |TAMS 0x0000000080f00000, 0x0000000080e00000| Untracked 
|  15|0x0000000080f00000, 0x0000000081000000, 0x0000000081000000|100%| O|  |TAMS 0x0000000081000000, 0x0000000080f00000| Untracked 
|  16|0x0000000081000000, 0x0000000081100000, 0x0000000081100000|100%| O|  |TAMS 0x0000000081100000, 0x0000000081000000| Untracked 
|  17|0x0000000081100000, 0x0000000081200000, 0x0000000081200000|100%|HS|  |TAMS 0x0000000081200000, 0x0000000081100000| Complete 
|  18|0x0000000081200000, 0x0000000081300000, 0x0000000081300000|100%|HS|  |TAMS 0x0000000081300000, 0x0000000081200000| Complete 
|  19|0x0000000081300000, 0x0000000081400000, 0x0000000081400000|100%|HS|  |TAMS 0x0000000081400000, 0x0000000081300000| Complete 
|  20|0x0000000081400000, 0x0000000081500000, 0x0000000081500000|100%|HS|  |TAMS 0x0000000081500000, 0x0000000081400000| Complete 
|  21|0x0000000081500000, 0x0000000081600000, 0x0000000081600000|100%|HC|  |TAMS 0x0000000081600000, 0x0000000081500000| Complete 
|  22|0x0000000081600000, 0x0000000081700000, 0x0000000081700000|100%|HC|  |TAMS 0x0000000081700000, 0x0000000081600000| Complete 
|  23|0x0000000081700000, 0x0000000081800000, 0x0000000081800000|100%| O|  |TAMS 0x0000000081800000, 0x0000000081700000| Untracked 
|  24|0x0000000081800000, 0x0000000081900000, 0x0000000081900000|100%| O|  |TAMS 0x0000000081900000, 0x0000000081800000| Untracked 
|  25|0x0000000081900000, 0x0000000081a00000, 0x0000000081a00000|100%| O|  |TAMS 0x0000000081a00000, 0x0000000081900000| Untracked 
|  26|0x0000000081a00000, 0x0000000081b00000, 0x0000000081b00000|100%| O|  |TAMS 0x0000000081b00000, 0x0000000081a00000| Untracked 
|  27|0x0000000081b00000, 0x0000000081c00000, 0x0000000081c00000|100%| O|  |TAMS 0x0000000081c00000, 0x0000000081b00000| Untracked 
|  28|0x0000000081c00000, 0x0000000081d00000, 0x0000000081d00000|100%| O|  |TAMS 0x0000000081d00000, 0x0000000081c00000| Untracked 
|  29|0x0000000081d00000, 0x0000000081e00000, 0x0000000081e00000|100%| O|  |TAMS 0x0000000081e00000, 0x0000000081d00000| Untracked 
|  30|0x0000000081e00000, 0x0000000081f00000, 0x0000000081f00000|100%| O|  |TAMS 0x0000000081f00000, 0x0000000081e00000| Untracked 
|  31|0x0000000081f00000, 0x0000000082000000, 0x0000000082000000|100%| O|  |TAMS 0x0000000082000000, 0x0000000081f00000| Untracked 
|  32|0x0000000082000000, 0x0000000082100000, 0x0000000082100000|100%| O|  |TAMS 0x0000000082100000, 0x0000000082000000| Untracked 
|  33|0x0000000082100000, 0x0000000082200000, 0x0000000082200000|100%| O|  |TAMS 0x0000000082200000, 0x0000000082100000| Untracked 
|  34|0x0000000082200000, 0x0000000082300000, 0x0000000082300000|100%| O|  |TAMS 0x0000000082300000, 0x0000000082200000| Untracked 
|  35|0x0000000082300000, 0x0000000082400000, 0x0000000082400000|100%| O|  |TAMS 0x0000000082400000, 0x0000000082300000| Untracked 
|  36|0x0000000082400000, 0x0000000082500000, 0x0000000082500000|100%| O|  |TAMS 0x0000000082500000, 0x0000000082400000| Untracked 
|  37|0x0000000082500000, 0x0000000082600000, 0x0000000082600000|100%| O|  |TAMS 0x0000000082600000, 0x0000000082500000| Untracked 
|  38|0x0000000082600000, 0x0000000082700000, 0x0000000082700000|100%| O|  |TAMS 0x0000000082700000, 0x0000000082600000| Untracked 
|  39|0x0000000082700000, 0x0000000082800000, 0x0000000082800000|100%| O|  |TAMS 0x0000000082800000, 0x0000000082700000| Untracked 
|  40|0x0000000082800000, 0x0000000082900000, 0x0000000082900000|100%| O|  |TAMS 0x0000000082900000, 0x0000000082800000| Untracked 
|  41|0x0000000082900000, 0x0000000082a00000, 0x0000000082a00000|100%| O|  |TAMS 0x0000000082a00000, 0x0000000082900000| Untracked 
|  42|0x0000000082a00000, 0x0000000082b00000, 0x0000000082b00000|100%| O|  |TAMS 0x0000000082b00000, 0x0000000082a00000| Untracked 
|  43|0x0000000082b00000, 0x0000000082c00000, 0x0000000082c00000|100%| O|  |TAMS 0x0000000082c00000, 0x0000000082b00000| Untracked 
|  44|0x0000000082c00000, 0x0000000082d00000, 0x0000000082d00000|100%| O|  |TAMS 0x0000000082d00000, 0x0000000082c00000| Untracked 
|  45|0x0000000082d00000, 0x0000000082e00000, 0x0000000082e00000|100%| O|  |TAMS 0x0000000082e00000, 0x0000000082d00000| Untracked 
|  46|0x0000000082e00000, 0x0000000082f00000, 0x0000000082f00000|100%| O|  |TAMS 0x0000000082f00000, 0x0000000082e00000| Untracked 
|  47|0x0000000082f00000, 0x0000000083000000, 0x0000000083000000|100%| O|  |TAMS 0x0000000083000000, 0x0000000082f00000| Untracked 
|  48|0x0000000083000000, 0x0000000083100000, 0x0000000083100000|100%| O|  |TAMS 0x0000000083100000, 0x0000000083000000| Untracked 
|  49|0x0000000083100000, 0x0000000083200000, 0x0000000083200000|100%| O|  |TAMS 0x0000000083200000, 0x0000000083100000| Untracked 
|  50|0x0000000083200000, 0x0000000083300000, 0x0000000083300000|100%| O|  |TAMS 0x0000000083300000, 0x0000000083200000| Untracked 
|  51|0x0000000083300000, 0x0000000083400000, 0x0000000083400000|100%| O|  |TAMS 0x0000000083400000, 0x0000000083300000| Untracked 
|  52|0x0000000083400000, 0x0000000083500000, 0x0000000083500000|100%| O|  |TAMS 0x0000000083500000, 0x0000000083400000| Untracked 
|  53|0x0000000083500000, 0x0000000083600000, 0x0000000083600000|100%| O|  |TAMS 0x0000000083600000, 0x0000000083500000| Untracked 
|  54|0x0000000083600000, 0x0000000083700000, 0x0000000083700000|100%| O|  |TAMS 0x0000000083700000, 0x0000000083600000| Untracked 
|  55|0x0000000083700000, 0x0000000083800000, 0x0000000083800000|100%| O|  |TAMS 0x0000000083800000, 0x0000000083700000| Untracked 
|  56|0x0000000083800000, 0x0000000083900000, 0x0000000083900000|100%| O|  |TAMS 0x0000000083900000, 0x0000000083800000| Untracked 
|  57|0x0000000083900000, 0x0000000083a00000, 0x0000000083a00000|100%| O|  |TAMS 0x0000000083a00000, 0x0000000083900000| Untracked 
|  58|0x0000000083a00000, 0x0000000083b00000, 0x0000000083b00000|100%| O|  |TAMS 0x0000000083b00000, 0x0000000083a00000| Untracked 
|  59|0x0000000083b00000, 0x0000000083c00000, 0x0000000083c00000|100%| O|  |TAMS 0x0000000083c00000, 0x0000000083b00000| Untracked 
|  60|0x0000000083c00000, 0x0000000083d00000, 0x0000000083d00000|100%| O|  |TAMS 0x0000000083d00000, 0x0000000083c00000| Untracked 
|  61|0x0000000083d00000, 0x0000000083e00000, 0x0000000083e00000|100%| O|  |TAMS 0x0000000083e00000, 0x0000000083d00000| Untracked 
|  62|0x0000000083e00000, 0x0000000083f00000, 0x0000000083f00000|100%| O|  |TAMS 0x0000000083f00000, 0x0000000083e00000| Untracked 
|  63|0x0000000083f00000, 0x0000000084000000, 0x0000000084000000|100%| O|  |TAMS 0x0000000084000000, 0x0000000083f00000| Untracked 
|  64|0x0000000084000000, 0x0000000084100000, 0x0000000084100000|100%| O|  |TAMS 0x0000000084100000, 0x0000000084000000| Untracked 
|  65|0x0000000084100000, 0x0000000084200000, 0x0000000084200000|100%| O|  |TAMS 0x0000000084200000, 0x0000000084100000| Untracked 
|  66|0x0000000084200000, 0x0000000084300000, 0x0000000084300000|100%| O|  |TAMS 0x0000000084300000, 0x0000000084200000| Untracked 
|  67|0x0000000084300000, 0x0000000084400000, 0x0000000084400000|100%| O|  |TAMS 0x0000000084400000, 0x0000000084300000| Untracked 
|  68|0x0000000084400000, 0x0000000084500000, 0x0000000084500000|100%| O|  |TAMS 0x0000000084500000, 0x0000000084400000| Untracked 
|  69|0x0000000084500000, 0x0000000084600000, 0x0000000084600000|100%| O|  |TAMS 0x0000000084600000, 0x0000000084500000| Untracked 
|  70|0x0000000084600000, 0x0000000084700000, 0x0000000084700000|100%| O|  |TAMS 0x0000000084700000, 0x0000000084600000| Untracked 
|  71|0x0000000084700000, 0x0000000084800000, 0x0000000084800000|100%| O|  |TAMS 0x0000000084800000, 0x0000000084700000| Untracked 
|  72|0x0000000084800000, 0x0000000084900000, 0x0000000084900000|100%| O|  |TAMS 0x0000000084900000, 0x0000000084800000| Untracked 
|  73|0x0000000084900000, 0x0000000084a00000, 0x0000000084a00000|100%| O|  |TAMS 0x0000000084a00000, 0x0000000084900000| Untracked 
|  74|0x0000000084a00000, 0x0000000084b00000, 0x0000000084b00000|100%| O|  |TAMS 0x0000000084b00000, 0x0000000084a00000| Untracked 
|  75|0x0000000084b00000, 0x0000000084c00000, 0x0000000084c00000|100%| O|  |TAMS 0x0000000084c00000, 0x0000000084b00000| Untracked 
|  76|0x0000000084c00000, 0x0000000084d00000, 0x0000000084d00000|100%| O|  |TAMS 0x0000000084d00000, 0x0000000084c00000| Untracked 
|  77|0x0000000084d00000, 0x0000000084e00000, 0x0000000084e00000|100%| O|  |TAMS 0x0000000084e00000, 0x0000000084d00000| Untracked 
|  78|0x0000000084e00000, 0x0000000084f00000, 0x0000000084f00000|100%| O|  |TAMS 0x0000000084f00000, 0x0000000084e00000| Untracked 
|  79|0x0000000084f00000, 0x0000000085000000, 0x0000000085000000|100%| O|  |TAMS 0x0000000085000000, 0x0000000084f00000| Untracked 
|  80|0x0000000085000000, 0x0000000085100000, 0x0000000085100000|100%| O|  |TAMS 0x0000000085100000, 0x0000000085000000| Untracked 
|  81|0x0000000085100000, 0x0000000085200000, 0x0000000085200000|100%| O|  |TAMS 0x0000000085200000, 0x0000000085100000| Untracked 
|  82|0x0000000085200000, 0x0000000085300000, 0x0000000085300000|100%| O|  |TAMS 0x0000000085300000, 0x0000000085200000| Untracked 
|  83|0x0000000085300000, 0x0000000085400000, 0x0000000085400000|100%| O|  |TAMS 0x0000000085400000, 0x0000000085300000| Untracked 
|  84|0x0000000085400000, 0x0000000085500000, 0x0000000085500000|100%| O|  |TAMS 0x0000000085500000, 0x0000000085400000| Untracked 
|  85|0x0000000085500000, 0x0000000085600000, 0x0000000085600000|100%| O|  |TAMS 0x0000000085600000, 0x0000000085500000| Untracked 
|  86|0x0000000085600000, 0x0000000085700000, 0x0000000085700000|100%| O|  |TAMS 0x0000000085700000, 0x0000000085600000| Untracked 
|  87|0x0000000085700000, 0x0000000085800000, 0x0000000085800000|100%| O|  |TAMS 0x0000000085800000, 0x0000000085700000| Untracked 
|  88|0x0000000085800000, 0x0000000085900000, 0x0000000085900000|100%| O|  |TAMS 0x0000000085900000, 0x0000000085800000| Untracked 
|  89|0x0000000085900000, 0x0000000085a00000, 0x0000000085a00000|100%| O|  |TAMS 0x0000000085a00000, 0x0000000085900000| Untracked 
|  90|0x0000000085a00000, 0x0000000085b00000, 0x0000000085b00000|100%| O|  |TAMS 0x0000000085b00000, 0x0000000085a00000| Untracked 
|  91|0x0000000085b00000, 0x0000000085c00000, 0x0000000085c00000|100%| O|  |TAMS 0x0000000085c00000, 0x0000000085b00000| Untracked 
|  92|0x0000000085c00000, 0x0000000085d00000, 0x0000000085d00000|100%| O|  |TAMS 0x0000000085d00000, 0x0000000085c00000| Untracked 
|  93|0x0000000085d00000, 0x0000000085e00000, 0x0000000085e00000|100%| O|  |TAMS 0x0000000085e00000, 0x0000000085d00000| Untracked 
|  94|0x0000000085e00000, 0x0000000085f00000, 0x0000000085f00000|100%| O|  |TAMS 0x0000000085f00000, 0x0000000085e00000| Untracked 
|  95|0x0000000085f00000, 0x0000000086000000, 0x0000000086000000|100%| O|  |TAMS 0x0000000086000000, 0x0000000085f00000| Untracked 
|  96|0x0000000086000000, 0x0000000086100000, 0x0000000086100000|100%| O|  |TAMS 0x0000000086100000, 0x0000000086000000| Untracked 
|  97|0x0000000086100000, 0x0000000086100000, 0x0000000086200000|  0%| F|  |TAMS 0x0000000086100000, 0x0000000086100000| Untracked 
|  98|0x0000000086200000, 0x0000000086200000, 0x0000000086300000|  0%| F|  |TAMS 0x0000000086200000, 0x0000000086200000| Untracked 
|  99|0x0000000086300000, 0x0000000086300000, 0x0000000086400000|  0%| F|  |TAMS 0x0000000086300000, 0x0000000086300000| Untracked 
| 100|0x0000000086400000, 0x0000000086400000, 0x0000000086500000|  0%| F|  |TAMS 0x0000000086400000, 0x0000000086400000| Untracked 
| 101|0x0000000086500000, 0x0000000086500000, 0x0000000086600000|  0%| F|  |TAMS 0x0000000086500000, 0x0000000086500000| Untracked 
| 102|0x0000000086600000, 0x0000000086600000, 0x0000000086700000|  0%| F|  |TAMS 0x0000000086600000, 0x0000000086600000| Untracked 
| 103|0x0000000086700000, 0x0000000086700000, 0x0000000086800000|  0%| F|  |TAMS 0x0000000086700000, 0x0000000086700000| Untracked 
| 104|0x0000000086800000, 0x0000000086800000, 0x0000000086900000|  0%| F|  |TAMS 0x0000000086800000, 0x0000000086800000| Untracked 
| 105|0x0000000086900000, 0x0000000086900000, 0x0000000086a00000|  0%| F|  |TAMS 0x0000000086900000, 0x0000000086900000| Untracked 
| 106|0x0000000086a00000, 0x0000000086a00000, 0x0000000086b00000|  0%| F|  |TAMS 0x0000000086a00000, 0x0000000086a00000| Untracked 
| 107|0x0000000086b00000, 0x0000000086b00000, 0x0000000086c00000|  0%| F|  |TAMS 0x0000000086b00000, 0x0000000086b00000| Untracked 
| 108|0x0000000086c00000, 0x0000000086c00000, 0x0000000086d00000|  0%| F|  |TAMS 0x0000000086c00000, 0x0000000086c00000| Untracked 
| 109|0x0000000086d00000, 0x0000000086d00000, 0x0000000086e00000|  0%| F|  |TAMS 0x0000000086d00000, 0x0000000086d00000| Untracked 
| 110|0x0000000086e00000, 0x0000000086e00000, 0x0000000086f00000|  0%| F|  |TAMS 0x0000000086e00000, 0x0000000086e00000| Untracked 
| 111|0x0000000086f00000, 0x0000000086f00000, 0x0000000087000000|  0%| F|  |TAMS 0x0000000086f00000, 0x0000000086f00000| Untracked 
| 112|0x0000000087000000, 0x0000000087000000, 0x0000000087100000|  0%| F|  |TAMS 0x0000000087000000, 0x0000000087000000| Untracked 
| 113|0x0000000087100000, 0x0000000087100000, 0x0000000087200000|  0%| F|  |TAMS 0x0000000087100000, 0x0000000087100000| Untracked 
| 114|0x0000000087200000, 0x0000000087200000, 0x0000000087300000|  0%| F|  |TAMS 0x0000000087200000, 0x0000000087200000| Untracked 
| 115|0x0000000087300000, 0x0000000087300000, 0x0000000087400000|  0%| F|  |TAMS 0x0000000087300000, 0x0000000087300000| Untracked 
| 116|0x0000000087400000, 0x0000000087400000, 0x0000000087500000|  0%| F|  |TAMS 0x0000000087400000, 0x0000000087400000| Untracked 
| 117|0x0000000087500000, 0x0000000087500000, 0x0000000087600000|  0%| F|  |TAMS 0x0000000087500000, 0x0000000087500000| Untracked 
| 118|0x0000000087600000, 0x0000000087600000, 0x0000000087700000|  0%| F|  |TAMS 0x0000000087600000, 0x0000000087600000| Untracked 
| 119|0x0000000087700000, 0x0000000087700000, 0x0000000087800000|  0%| F|  |TAMS 0x0000000087700000, 0x0000000087700000| Untracked 
| 120|0x0000000087800000, 0x0000000087800000, 0x0000000087900000|  0%| F|  |TAMS 0x0000000087800000, 0x0000000087800000| Untracked 
| 121|0x0000000087900000, 0x0000000087900000, 0x0000000087a00000|  0%| F|  |TAMS 0x0000000087900000, 0x0000000087900000| Untracked 
| 122|0x0000000087a00000, 0x0000000087a00000, 0x0000000087b00000|  0%| F|  |TAMS 0x0000000087a00000, 0x0000000087a00000| Untracked 
| 123|0x0000000087b00000, 0x0000000087b00000, 0x0000000087c00000|  0%| F|  |TAMS 0x0000000087b00000, 0x0000000087b00000| Untracked 
| 124|0x0000000087c00000, 0x0000000087c00000, 0x0000000087d00000|  0%| F|  |TAMS 0x0000000087c00000, 0x0000000087c00000| Untracked 
| 125|0x0000000087d00000, 0x0000000087d00000, 0x0000000087e00000|  0%| F|  |TAMS 0x0000000087d00000, 0x0000000087d00000| Untracked 
| 126|0x0000000087e00000, 0x0000000087e00000, 0x0000000087f00000|  0%| F|  |TAMS 0x0000000087e00000, 0x0000000087e00000| Untracked 
| 127|0x0000000087f00000, 0x0000000087ff3200, 0x0000000088000000| 94%| O|  |TAMS 0x0000000087ff3200, 0x0000000087f00000| Untracked 
| 128|0x0000000088000000, 0x0000000088000000, 0x0000000088100000|  0%| F|  |TAMS 0x0000000088000000, 0x0000000088000000| Untracked 
| 129|0x0000000088100000, 0x0000000088100000, 0x0000000088200000|  0%| F|  |TAMS 0x0000000088100000, 0x0000000088100000| Untracked 
| 130|0x0000000088200000, 0x0000000088200000, 0x0000000088300000|  0%| F|  |TAMS 0x0000000088200000, 0x0000000088200000| Untracked 
| 131|0x0000000088300000, 0x0000000088300000, 0x0000000088400000|  0%| F|  |TAMS 0x0000000088300000, 0x0000000088300000| Untracked 
| 132|0x0000000088400000, 0x0000000088400000, 0x0000000088500000|  0%| F|  |TAMS 0x0000000088400000, 0x0000000088400000| Untracked 
| 133|0x0000000088500000, 0x0000000088500000, 0x0000000088600000|  0%| F|  |TAMS 0x0000000088500000, 0x0000000088500000| Untracked 
| 134|0x0000000088600000, 0x0000000088600000, 0x0000000088700000|  0%| F|  |TAMS 0x0000000088600000, 0x0000000088600000| Untracked 
| 135|0x0000000088700000, 0x0000000088700000, 0x0000000088800000|  0%| F|  |TAMS 0x0000000088700000, 0x0000000088700000| Untracked 
| 136|0x0000000088800000, 0x0000000088800000, 0x0000000088900000|  0%| F|  |TAMS 0x0000000088800000, 0x0000000088800000| Untracked 
| 137|0x0000000088900000, 0x0000000088900000, 0x0000000088a00000|  0%| F|  |TAMS 0x0000000088900000, 0x0000000088900000| Untracked 
| 138|0x0000000088a00000, 0x0000000088a00000, 0x0000000088b00000|  0%| F|  |TAMS 0x0000000088a00000, 0x0000000088a00000| Untracked 
| 139|0x0000000088b00000, 0x0000000088b00000, 0x0000000088c00000|  0%| F|  |TAMS 0x0000000088b00000, 0x0000000088b00000| Untracked 
| 140|0x0000000088c00000, 0x0000000088c00000, 0x0000000088d00000|  0%| F|  |TAMS 0x0000000088c00000, 0x0000000088c00000| Untracked 
| 141|0x0000000088d00000, 0x0000000088d00000, 0x0000000088e00000|  0%| F|  |TAMS 0x0000000088d00000, 0x0000000088d00000| Untracked 
| 142|0x0000000088e00000, 0x0000000088e00000, 0x0000000088f00000|  0%| F|  |TAMS 0x0000000088e00000, 0x0000000088e00000| Untracked 
| 143|0x0000000088f00000, 0x0000000088f00000, 0x0000000089000000|  0%| F|  |TAMS 0x0000000088f00000, 0x0000000088f00000| Untracked 
| 144|0x0000000089000000, 0x0000000089000000, 0x0000000089100000|  0%| F|  |TAMS 0x0000000089000000, 0x0000000089000000| Untracked 
| 145|0x0000000089100000, 0x0000000089100000, 0x0000000089200000|  0%| F|  |TAMS 0x0000000089100000, 0x0000000089100000| Untracked 
| 146|0x0000000089200000, 0x0000000089200000, 0x0000000089300000|  0%| F|  |TAMS 0x0000000089200000, 0x0000000089200000| Untracked 
| 147|0x0000000089300000, 0x0000000089300000, 0x0000000089400000|  0%| F|  |TAMS 0x0000000089300000, 0x0000000089300000| Untracked 
| 148|0x0000000089400000, 0x0000000089400000, 0x0000000089500000|  0%| F|  |TAMS 0x0000000089400000, 0x0000000089400000| Untracked 
| 149|0x0000000089500000, 0x0000000089500000, 0x0000000089600000|  0%| F|  |TAMS 0x0000000089500000, 0x0000000089500000| Untracked 
| 150|0x0000000089600000, 0x0000000089600000, 0x0000000089700000|  0%| F|  |TAMS 0x0000000089600000, 0x0000000089600000| Untracked 
| 151|0x0000000089700000, 0x0000000089700000, 0x0000000089800000|  0%| F|  |TAMS 0x0000000089700000, 0x0000000089700000| Untracked 
| 152|0x0000000089800000, 0x0000000089800000, 0x0000000089900000|  0%| F|  |TAMS 0x0000000089800000, 0x0000000089800000| Untracked 
| 153|0x0000000089900000, 0x0000000089900000, 0x0000000089a00000|  0%| F|  |TAMS 0x0000000089900000, 0x0000000089900000| Untracked 
| 154|0x0000000089a00000, 0x0000000089a00000, 0x0000000089b00000|  0%| F|  |TAMS 0x0000000089a00000, 0x0000000089a00000| Untracked 
| 155|0x0000000089b00000, 0x0000000089b00000, 0x0000000089c00000|  0%| F|  |TAMS 0x0000000089b00000, 0x0000000089b00000| Untracked 
| 156|0x0000000089c00000, 0x0000000089c00000, 0x0000000089d00000|  0%| F|  |TAMS 0x0000000089c00000, 0x0000000089c00000| Untracked 
| 157|0x0000000089d00000, 0x0000000089d00000, 0x0000000089e00000|  0%| F|  |TAMS 0x0000000089d00000, 0x0000000089d00000| Untracked 
| 158|0x0000000089e00000, 0x0000000089e00000, 0x0000000089f00000|  0%| F|  |TAMS 0x0000000089e00000, 0x0000000089e00000| Untracked 
| 159|0x0000000089f00000, 0x0000000089f00000, 0x000000008a000000|  0%| F|  |TAMS 0x0000000089f00000, 0x0000000089f00000| Untracked 
| 160|0x000000008a000000, 0x000000008a000000, 0x000000008a100000|  0%| F|  |TAMS 0x000000008a000000, 0x000000008a000000| Untracked 
| 161|0x000000008a100000, 0x000000008a17fff8, 0x000000008a200000| 49%| S|CS|TAMS 0x000000008a100000, 0x000000008a100000| Complete 
| 162|0x000000008a200000, 0x000000008a300000, 0x000000008a300000|100%| S|CS|TAMS 0x000000008a200000, 0x000000008a200000| Complete 
| 163|0x000000008a300000, 0x000000008a400000, 0x000000008a400000|100%| S|CS|TAMS 0x000000008a300000, 0x000000008a300000| Complete 
| 164|0x000000008a400000, 0x000000008a500000, 0x000000008a500000|100%| S|CS|TAMS 0x000000008a400000, 0x000000008a400000| Complete 
| 165|0x000000008a500000, 0x000000008a600000, 0x000000008a600000|100%| S|CS|TAMS 0x000000008a500000, 0x000000008a500000| Complete 
| 166|0x000000008a600000, 0x000000008a700000, 0x000000008a700000|100%| S|CS|TAMS 0x000000008a600000, 0x000000008a600000| Complete 
| 167|0x000000008a700000, 0x000000008a700000, 0x000000008a800000|  0%| F|  |TAMS 0x000000008a700000, 0x000000008a700000| Untracked 
| 168|0x000000008a800000, 0x000000008a800000, 0x000000008a900000|  0%| F|  |TAMS 0x000000008a800000, 0x000000008a800000| Untracked 
| 169|0x000000008a900000, 0x000000008a900000, 0x000000008aa00000|  0%| F|  |TAMS 0x000000008a900000, 0x000000008a900000| Untracked 
| 170|0x000000008aa00000, 0x000000008aa00000, 0x000000008ab00000|  0%| F|  |TAMS 0x000000008aa00000, 0x000000008aa00000| Untracked 
| 171|0x000000008ab00000, 0x000000008ab00000, 0x000000008ac00000|  0%| F|  |TAMS 0x000000008ab00000, 0x000000008ab00000| Untracked 
| 172|0x000000008ac00000, 0x000000008ac00000, 0x000000008ad00000|  0%| F|  |TAMS 0x000000008ac00000, 0x000000008ac00000| Untracked 
| 173|0x000000008ad00000, 0x000000008ad00000, 0x000000008ae00000|  0%| F|  |TAMS 0x000000008ad00000, 0x000000008ad00000| Untracked 
| 174|0x000000008ae00000, 0x000000008ae00000, 0x000000008af00000|  0%| F|  |TAMS 0x000000008ae00000, 0x000000008ae00000| Untracked 
| 175|0x000000008af00000, 0x000000008af00000, 0x000000008b000000|  0%| F|  |TAMS 0x000000008af00000, 0x000000008af00000| Untracked 
| 176|0x000000008b000000, 0x000000008b000000, 0x000000008b100000|  0%| F|  |TAMS 0x000000008b000000, 0x000000008b000000| Untracked 
| 177|0x000000008b100000, 0x000000008b100000, 0x000000008b200000|  0%| F|  |TAMS 0x000000008b100000, 0x000000008b100000| Untracked 
| 178|0x000000008b200000, 0x000000008b200000, 0x000000008b300000|  0%| F|  |TAMS 0x000000008b200000, 0x000000008b200000| Untracked 
| 179|0x000000008b300000, 0x000000008b300000, 0x000000008b400000|  0%| F|  |TAMS 0x000000008b300000, 0x000000008b300000| Untracked 
| 180|0x000000008b400000, 0x000000008b400000, 0x000000008b500000|  0%| F|  |TAMS 0x000000008b400000, 0x000000008b400000| Untracked 
| 181|0x000000008b500000, 0x000000008b500000, 0x000000008b600000|  0%| F|  |TAMS 0x000000008b500000, 0x000000008b500000| Untracked 
| 182|0x000000008b600000, 0x000000008b600000, 0x000000008b700000|  0%| F|  |TAMS 0x000000008b600000, 0x000000008b600000| Untracked 
| 183|0x000000008b700000, 0x000000008b700000, 0x000000008b800000|  0%| F|  |TAMS 0x000000008b700000, 0x000000008b700000| Untracked 
| 184|0x000000008b800000, 0x000000008b800000, 0x000000008b900000|  0%| F|  |TAMS 0x000000008b800000, 0x000000008b800000| Untracked 
| 185|0x000000008b900000, 0x000000008b900000, 0x000000008ba00000|  0%| F|  |TAMS 0x000000008b900000, 0x000000008b900000| Untracked 
| 186|0x000000008ba00000, 0x000000008ba00000, 0x000000008bb00000|  0%| F|  |TAMS 0x000000008ba00000, 0x000000008ba00000| Untracked 
| 187|0x000000008bb00000, 0x000000008bb00000, 0x000000008bc00000|  0%| F|  |TAMS 0x000000008bb00000, 0x000000008bb00000| Untracked 
| 188|0x000000008bc00000, 0x000000008bc00000, 0x000000008bd00000|  0%| F|  |TAMS 0x000000008bc00000, 0x000000008bc00000| Untracked 
| 189|0x000000008bd00000, 0x000000008bd00000, 0x000000008be00000|  0%| F|  |TAMS 0x000000008bd00000, 0x000000008bd00000| Untracked 
| 190|0x000000008be00000, 0x000000008be00000, 0x000000008bf00000|  0%| F|  |TAMS 0x000000008be00000, 0x000000008be00000| Untracked 
| 191|0x000000008bf00000, 0x000000008bf00000, 0x000000008c000000|  0%| F|  |TAMS 0x000000008bf00000, 0x000000008bf00000| Untracked 
| 192|0x000000008c000000, 0x000000008c000000, 0x000000008c100000|  0%| F|  |TAMS 0x000000008c000000, 0x000000008c000000| Untracked 
| 193|0x000000008c100000, 0x000000008c100000, 0x000000008c200000|  0%| F|  |TAMS 0x000000008c100000, 0x000000008c100000| Untracked 
| 194|0x000000008c200000, 0x000000008c200000, 0x000000008c300000|  0%| F|  |TAMS 0x000000008c200000, 0x000000008c200000| Untracked 
| 195|0x000000008c300000, 0x000000008c300000, 0x000000008c400000|  0%| F|  |TAMS 0x000000008c300000, 0x000000008c300000| Untracked 
| 196|0x000000008c400000, 0x000000008c400000, 0x000000008c500000|  0%| F|  |TAMS 0x000000008c400000, 0x000000008c400000| Untracked 
| 197|0x000000008c500000, 0x000000008c500000, 0x000000008c600000|  0%| F|  |TAMS 0x000000008c500000, 0x000000008c500000| Untracked 
| 198|0x000000008c600000, 0x000000008c600000, 0x000000008c700000|  0%| F|  |TAMS 0x000000008c600000, 0x000000008c600000| Untracked 
| 199|0x000000008c700000, 0x000000008c700000, 0x000000008c800000|  0%| F|  |TAMS 0x000000008c700000, 0x000000008c700000| Untracked 
| 200|0x000000008c800000, 0x000000008c800000, 0x000000008c900000|  0%| F|  |TAMS 0x000000008c800000, 0x000000008c800000| Untracked 
| 201|0x000000008c900000, 0x000000008c900000, 0x000000008ca00000|  0%| F|  |TAMS 0x000000008c900000, 0x000000008c900000| Untracked 
| 202|0x000000008ca00000, 0x000000008ca00000, 0x000000008cb00000|  0%| F|  |TAMS 0x000000008ca00000, 0x000000008ca00000| Untracked 
| 203|0x000000008cb00000, 0x000000008cb00000, 0x000000008cc00000|  0%| F|  |TAMS 0x000000008cb00000, 0x000000008cb00000| Untracked 
| 204|0x000000008cc00000, 0x000000008cc00000, 0x000000008cd00000|  0%| F|  |TAMS 0x000000008cc00000, 0x000000008cc00000| Untracked 
| 205|0x000000008cd00000, 0x000000008cd00000, 0x000000008ce00000|  0%| F|  |TAMS 0x000000008cd00000, 0x000000008cd00000| Untracked 
| 206|0x000000008ce00000, 0x000000008ce00000, 0x000000008cf00000|  0%| F|  |TAMS 0x000000008ce00000, 0x000000008ce00000| Untracked 
| 207|0x000000008cf00000, 0x000000008cf00000, 0x000000008d000000|  0%| F|  |TAMS 0x000000008cf00000, 0x000000008cf00000| Untracked 
| 208|0x000000008d000000, 0x000000008d000000, 0x000000008d100000|  0%| F|  |TAMS 0x000000008d000000, 0x000000008d000000| Untracked 
| 209|0x000000008d100000, 0x000000008d100000, 0x000000008d200000|  0%| F|  |TAMS 0x000000008d100000, 0x000000008d100000| Untracked 
| 210|0x000000008d200000, 0x000000008d200000, 0x000000008d300000|  0%| F|  |TAMS 0x000000008d200000, 0x000000008d200000| Untracked 
| 211|0x000000008d300000, 0x000000008d300000, 0x000000008d400000|  0%| F|  |TAMS 0x000000008d300000, 0x000000008d300000| Untracked 
| 212|0x000000008d400000, 0x000000008d400000, 0x000000008d500000|  0%| F|  |TAMS 0x000000008d400000, 0x000000008d400000| Untracked 
| 213|0x000000008d500000, 0x000000008d500000, 0x000000008d600000|  0%| F|  |TAMS 0x000000008d500000, 0x000000008d500000| Untracked 
| 214|0x000000008d600000, 0x000000008d600000, 0x000000008d700000|  0%| F|  |TAMS 0x000000008d600000, 0x000000008d600000| Untracked 
| 215|0x000000008d700000, 0x000000008d700000, 0x000000008d800000|  0%| F|  |TAMS 0x000000008d700000, 0x000000008d700000| Untracked 
| 216|0x000000008d800000, 0x000000008d800000, 0x000000008d900000|  0%| F|  |TAMS 0x000000008d800000, 0x000000008d800000| Untracked 
| 217|0x000000008d900000, 0x000000008d900000, 0x000000008da00000|  0%| F|  |TAMS 0x000000008d900000, 0x000000008d900000| Untracked 
| 218|0x000000008da00000, 0x000000008da00000, 0x000000008db00000|  0%| F|  |TAMS 0x000000008da00000, 0x000000008da00000| Untracked 
| 219|0x000000008db00000, 0x000000008db00000, 0x000000008dc00000|  0%| F|  |TAMS 0x000000008db00000, 0x000000008db00000| Untracked 
| 220|0x000000008dc00000, 0x000000008dc00000, 0x000000008dd00000|  0%| F|  |TAMS 0x000000008dc00000, 0x000000008dc00000| Untracked 
| 221|0x000000008dd00000, 0x000000008dd00000, 0x000000008de00000|  0%| F|  |TAMS 0x000000008dd00000, 0x000000008dd00000| Untracked 
| 222|0x000000008de00000, 0x000000008de00000, 0x000000008df00000|  0%| F|  |TAMS 0x000000008de00000, 0x000000008de00000| Untracked 
| 223|0x000000008df00000, 0x000000008df00000, 0x000000008e000000|  0%| F|  |TAMS 0x000000008df00000, 0x000000008df00000| Untracked 
| 224|0x000000008e000000, 0x000000008e000000, 0x000000008e100000|  0%| F|  |TAMS 0x000000008e000000, 0x000000008e000000| Untracked 
| 225|0x000000008e100000, 0x000000008e100000, 0x000000008e200000|  0%| F|  |TAMS 0x000000008e100000, 0x000000008e100000| Untracked 
| 226|0x000000008e200000, 0x000000008e200000, 0x000000008e300000|  0%| F|  |TAMS 0x000000008e200000, 0x000000008e200000| Untracked 
| 227|0x000000008e300000, 0x000000008e300000, 0x000000008e400000|  0%| F|  |TAMS 0x000000008e300000, 0x000000008e300000| Untracked 
| 228|0x000000008e400000, 0x000000008e400000, 0x000000008e500000|  0%| F|  |TAMS 0x000000008e400000, 0x000000008e400000| Untracked 
| 229|0x000000008e500000, 0x000000008e500000, 0x000000008e600000|  0%| F|  |TAMS 0x000000008e500000, 0x000000008e500000| Untracked 
| 230|0x000000008e600000, 0x000000008e600000, 0x000000008e700000|  0%| F|  |TAMS 0x000000008e600000, 0x000000008e600000| Untracked 
| 231|0x000000008e700000, 0x000000008e700000, 0x000000008e800000|  0%| F|  |TAMS 0x000000008e700000, 0x000000008e700000| Untracked 
| 232|0x000000008e800000, 0x000000008e800000, 0x000000008e900000|  0%| F|  |TAMS 0x000000008e800000, 0x000000008e800000| Untracked 
| 233|0x000000008e900000, 0x000000008e900000, 0x000000008ea00000|  0%| F|  |TAMS 0x000000008e900000, 0x000000008e900000| Untracked 
| 234|0x000000008ea00000, 0x000000008ea00000, 0x000000008eb00000|  0%| F|  |TAMS 0x000000008ea00000, 0x000000008ea00000| Untracked 
| 235|0x000000008eb00000, 0x000000008eb00000, 0x000000008ec00000|  0%| F|  |TAMS 0x000000008eb00000, 0x000000008eb00000| Untracked 
| 236|0x000000008ec00000, 0x000000008ec00000, 0x000000008ed00000|  0%| F|  |TAMS 0x000000008ec00000, 0x000000008ec00000| Untracked 
| 237|0x000000008ed00000, 0x000000008ed00000, 0x000000008ee00000|  0%| F|  |TAMS 0x000000008ed00000, 0x000000008ed00000| Untracked 
| 238|0x000000008ee00000, 0x000000008ee00000, 0x000000008ef00000|  0%| F|  |TAMS 0x000000008ee00000, 0x000000008ee00000| Untracked 
| 239|0x000000008ef00000, 0x000000008ef00000, 0x000000008f000000|  0%| F|  |TAMS 0x000000008ef00000, 0x000000008ef00000| Untracked 
| 240|0x000000008f000000, 0x000000008f000000, 0x000000008f100000|  0%| F|  |TAMS 0x000000008f000000, 0x000000008f000000| Untracked 
| 241|0x000000008f100000, 0x000000008f100000, 0x000000008f200000|  0%| F|  |TAMS 0x000000008f100000, 0x000000008f100000| Untracked 
| 242|0x000000008f200000, 0x000000008f200000, 0x000000008f300000|  0%| F|  |TAMS 0x000000008f200000, 0x000000008f200000| Untracked 
| 243|0x000000008f300000, 0x000000008f300000, 0x000000008f400000|  0%| F|  |TAMS 0x000000008f300000, 0x000000008f300000| Untracked 
| 244|0x000000008f400000, 0x000000008f400000, 0x000000008f500000|  0%| F|  |TAMS 0x000000008f400000, 0x000000008f400000| Untracked 
| 245|0x000000008f500000, 0x000000008f500000, 0x000000008f600000|  0%| F|  |TAMS 0x000000008f500000, 0x000000008f500000| Untracked 
| 246|0x000000008f600000, 0x000000008f600000, 0x000000008f700000|  0%| F|  |TAMS 0x000000008f600000, 0x000000008f600000| Untracked 
| 247|0x000000008f700000, 0x000000008f700000, 0x000000008f800000|  0%| F|  |TAMS 0x000000008f700000, 0x000000008f700000| Untracked 
| 248|0x000000008f800000, 0x000000008f864900, 0x000000008f900000| 39%| E|  |TAMS 0x000000008f800000, 0x000000008f800000| Complete 
| 249|0x000000008f900000, 0x000000008fa00000, 0x000000008fa00000|100%| E|CS|TAMS 0x000000008f900000, 0x000000008f900000| Complete 
| 250|0x000000008fa00000, 0x000000008fb00000, 0x000000008fb00000|100%| E|CS|TAMS 0x000000008fa00000, 0x000000008fa00000| Complete 
| 251|0x000000008fb00000, 0x000000008fc00000, 0x000000008fc00000|100%| E|CS|TAMS 0x000000008fb00000, 0x000000008fb00000| Complete 
| 252|0x000000008fc00000, 0x000000008fd00000, 0x000000008fd00000|100%| E|CS|TAMS 0x000000008fc00000, 0x000000008fc00000| Complete 
| 253|0x000000008fd00000, 0x000000008fe00000, 0x000000008fe00000|100%| E|CS|TAMS 0x000000008fd00000, 0x000000008fd00000| Complete 

Card table byte_map: [0x00000268f2850000,0x00000268f2c50000] _byte_map_base: 0x00000268f2450000

Marking Bits (Prev, Next): (CMBitMap*) 0x00000268ec4b4208, (CMBitMap*) 0x00000268ec4b4240
 Prev Bits: [0x00000268f3050000, 0x00000268f5050000)
 Next Bits: [0x00000268f5050000, 0x00000268f7050000)

Polling page: 0x00000268ec550000

Metaspace:

Usage:
  Non-class:    109.16 MB capacity,   105.20 MB ( 96%) used,     3.19 MB (  3%) free+waste,   789.31 KB ( <1%) overhead. 
      Class:     19.88 MB capacity,    17.03 MB ( 86%) used,     2.44 MB ( 12%) free+waste,   415.56 KB (  2%) overhead. 
       Both:    129.04 MB capacity,   122.23 MB ( 95%) used,     5.63 MB (  4%) free+waste,     1.18 MB ( <1%) overhead. 

Virtual space:
  Non-class space:      110.00 MB reserved,     109.37 MB (>99%) committed 
      Class space:        1.00 GB reserved,      20.00 MB (  2%) committed 
             Both:        1.11 GB reserved,     129.37 MB ( 11%) committed 

Chunk freelists:
   Non-Class:  22.00 KB
       Class:  0 bytes
        Both:  22.00 KB

MaxMetaspaceSize: 17179869184.00 GB
CompressedClassSpaceSize: 1.00 GB
Initial GC threshold: 20.80 MB
Current GC threshold: 208.12 MB
CDS: off

CodeHeap 'non-profiled nmethods': size=120000Kb used=9248Kb max_used=9248Kb free=110751Kb
 bounds [0x0000026887ad0000, 0x00000268883e0000, 0x000002688f000000]
CodeHeap 'profiled nmethods': size=120000Kb used=28754Kb max_used=28754Kb free=91245Kb
 bounds [0x00000268805a0000, 0x00000268821c0000, 0x0000026887ad0000]
CodeHeap 'non-nmethods': size=5760Kb used=2444Kb max_used=2508Kb free=3315Kb
 bounds [0x0000026880000000, 0x0000026880280000, 0x00000268805a0000]
 total_blobs=15416 nmethods=14436 adapters=892
 compilation: enabled
              stopped_count=0, restarted_count=0
 full_count=0

Compilation events (20 events):
Event: 2794.360 Thread 0x00000268fa623800 nmethod 14538 0x00000268821ae690 code [0x00000268821ae840, 0x00000268821ae918]
Event: 2794.360 Thread 0x00000268fa623800 14539       3       org.gradle.internal.service.DefaultServiceRegistry::assertMutable (46 bytes)
Event: 2794.361 Thread 0x00000268fa620000 14542       4       org.gradle.internal.service.DefaultServiceRegistry$SingletonService::getService (18 bytes)
Event: 2794.361 Thread 0x00000268fa623800 nmethod 14539 0x00000268821ae990 code [0x00000268821aec40, 0x00000268821af838]
Event: 2794.361 Thread 0x00000268fa623800 14540       3       java.util.Vector::<init> (7 bytes)
Event: 2794.361 Thread 0x00000268fa623800 nmethod 14540 0x00000268821afc90 code [0x00000268821afe60, 0x00000268821b0008]
Event: 2794.361 Thread 0x00000268fa623800 14541   !   3       java.lang.Class::newInstance (160 bytes)
Event: 2794.363 Thread 0x00000268fa623800 nmethod 14541 0x00000268821b0110 code [0x00000268821b04e0, 0x00000268821b1c68]
Event: 2794.363 Thread 0x00000268fa623800 14544       3       java.lang.Class::isMemberClass (20 bytes)
Event: 2794.363 Thread 0x00000268fa623800 nmethod 14544 0x00000268821b2690 code [0x00000268821b2880, 0x00000268821b2ba8]
Event: 2794.363 Thread 0x00000268fa623800 14545       3       org.gradle.internal.service.DefaultServiceRegistry$ParentServices::getAll (12 bytes)
Event: 2794.363 Thread 0x00000268fa623800 nmethod 14545 0x00000268821b2d10 code [0x00000268821b2ec0, 0x00000268821b3088]
Event: 2794.363 Thread 0x00000268fa623800 14548       3       org.gradle.internal.service.InjectUtil::isPublicOrPackageScoped (26 bytes)
Event: 2794.363 Thread 0x00000268fa623800 nmethod 14548 0x00000268821b3190 code [0x00000268821b3380, 0x00000268821b3938]
Event: 2794.363 Thread 0x00000268fa623800 14549       3       org.gradle.internal.event.DefaultListenerManager$EventBroadcast$ListenerDispatch::<init> (16 bytes)
Event: 2794.364 Thread 0x00000268fa623800 nmethod 14549 0x00000268821b3a90 code [0x00000268821b3c60, 0x00000268821b3ed8]
Event: 2794.371 Thread 0x00000268fa623800 14555       3       java.util.Properties::<init> (8 bytes)
Event: 2794.372 Thread 0x00000268fa623800 nmethod 14555 0x00000268821b4010 code [0x00000268821b4220, 0x00000268821b46c8]
Event: 2794.372 Thread 0x00000268fc006000 14552       4       org.gradle.internal.snapshot.FileSystemLeafSnapshot::accept (8 bytes)
Event: 2794.372 Thread 0x0000026893599800 14551       4       org.gradle.internal.snapshot.FileSystemSnapshotHierarchyVisitor::leaveDirectory (1 bytes)

GC Heap History (20 events):
Event: 8.542 GC heap before
{Heap before GC invocations=14 (full 0):
 garbage-first heap   total 260096K, used 171104K [0x0000000080000000, 0x0000000100000000)
  region size 1024K, 113 young (115712K), 12 survivors (12288K)
 Metaspace       used 85542K, capacity 87654K, committed 87720K, reserved 1126400K
  class space    used 11103K, capacity 11895K, committed 11904K, reserved 1048576K
}
Event: 8.555 GC heap after
{Heap after GC invocations=15 (full 0):
 garbage-first heap   total 260096K, used 78562K [0x0000000080000000, 0x0000000100000000)
  region size 1024K, 15 young (15360K), 15 survivors (15360K)
 Metaspace       used 85542K, capacity 87654K, committed 87720K, reserved 1126400K
  class space    used 11103K, capacity 11895K, committed 11904K, reserved 1048576K
}
Event: 9.285 GC heap before
{Heap before GC invocations=15 (full 0):
 garbage-first heap   total 260096K, used 178914K [0x0000000080000000, 0x0000000100000000)
  region size 1024K, 114 young (116736K), 15 survivors (15360K)
 Metaspace       used 90282K, capacity 92909K, committed 93224K, reserved 1130496K
  class space    used 11753K, capacity 12736K, committed 12800K, reserved 1048576K
}
Event: 9.299 GC heap after
{Heap after GC invocations=16 (full 0):
 garbage-first heap   total 260096K, used 89314K [0x0000000080000000, 0x0000000100000000)
  region size 1024K, 10 young (10240K), 10 survivors (10240K)
 Metaspace       used 90282K, capacity 92909K, committed 93224K, reserved 1130496K
  class space    used 11753K, capacity 12736K, committed 12800K, reserved 1048576K
}
Event: 9.868 GC heap before
{Heap before GC invocations=16 (full 0):
 garbage-first heap   total 260096K, used 186594K [0x0000000080000000, 0x0000000100000000)
  region size 1024K, 106 young (108544K), 10 survivors (10240K)
 Metaspace       used 94746K, capacity 97558K, committed 97704K, reserved 1134592K
  class space    used 12308K, capacity 13364K, committed 13440K, reserved 1048576K
}
Event: 9.875 GC heap after
{Heap after GC invocations=17 (full 0):
 garbage-first heap   total 260096K, used 93792K [0x0000000080000000, 0x0000000100000000)
  region size 1024K, 5 young (5120K), 5 survivors (5120K)
 Metaspace       used 94746K, capacity 97558K, committed 97704K, reserved 1134592K
  class space    used 12308K, capacity 13364K, committed 13440K, reserved 1048576K
}
Event: 10.421 GC heap before
{Heap before GC invocations=17 (full 0):
 garbage-first heap   total 260096K, used 193120K [0x0000000080000000, 0x0000000100000000)
  region size 1024K, 103 young (105472K), 5 survivors (5120K)
 Metaspace       used 98966K, capacity 101799K, committed 102056K, reserved 1138688K
  class space    used 12821K, capacity 13867K, committed 13952K, reserved 1048576K
}
Event: 10.428 GC heap after
{Heap after GC invocations=18 (full 0):
 garbage-first heap   total 260096K, used 99758K [0x0000000080000000, 0x0000000100000000)
  region size 1024K, 11 young (11264K), 11 survivors (11264K)
 Metaspace       used 98966K, capacity 101799K, committed 102056K, reserved 1138688K
  class space    used 12821K, capacity 13867K, committed 13952K, reserved 1048576K
}
Event: 10.961 GC heap before
{Heap before GC invocations=18 (full 0):
 garbage-first heap   total 260096K, used 198062K [0x0000000080000000, 0x0000000100000000)
  region size 1024K, 108 young (110592K), 11 survivors (11264K)
 Metaspace       used 107931K, capacity 112249K, committed 112296K, reserved 1144832K
  class space    used 14461K, capacity 16225K, committed 16256K, reserved 1048576K
}
Event: 10.969 GC heap after
{Heap after GC invocations=19 (full 0):
 garbage-first heap   total 260096K, used 103354K [0x0000000080000000, 0x0000000100000000)
  region size 1024K, 11 young (11264K), 11 survivors (11264K)
 Metaspace       used 107931K, capacity 112249K, committed 112296K, reserved 1144832K
  class space    used 14461K, capacity 16225K, committed 16256K, reserved 1048576K
}
Event: 11.055 GC heap before
{Heap before GC invocations=19 (full 0):
 garbage-first heap   total 260096K, used 113594K [0x0000000080000000, 0x0000000100000000)
  region size 1024K, 22 young (22528K), 11 survivors (11264K)
 Metaspace       used 109611K, capacity 114588K, committed 114728K, reserved 1146880K
  class space    used 14932K, capacity 17038K, committed 17152K, reserved 1048576K
}
Event: 11.063 GC heap after
{Heap after GC invocations=20 (full 0):
 garbage-first heap   total 260096K, used 104505K [0x0000000080000000, 0x0000000100000000)
  region size 1024K, 6 young (6144K), 6 survivors (6144K)
 Metaspace       used 109611K, capacity 114588K, committed 114728K, reserved 1146880K
  class space    used 14932K, capacity 17038K, committed 17152K, reserved 1048576K
}
Event: 11.857 GC heap before
{Heap before GC invocations=21 (full 0):
 garbage-first heap   total 260096K, used 205881K [0x0000000080000000, 0x0000000100000000)
  region size 1024K, 106 young (108544K), 6 survivors (6144K)
 Metaspace       used 119679K, capacity 126565K, committed 126716K, reserved 1157120K
  class space    used 16906K, capacity 19765K, committed 19840K, reserved 1048576K
}
Event: 11.865 GC heap after
{Heap after GC invocations=22 (full 0):
 garbage-first heap   total 260096K, used 105481K [0x0000000080000000, 0x0000000100000000)
  region size 1024K, 7 young (7168K), 7 survivors (7168K)
 Metaspace       used 119679K, capacity 126565K, committed 126716K, reserved 1157120K
  class space    used 16906K, capacity 19765K, committed 19840K, reserved 1048576K
}
Event: 12.042 GC heap before
{Heap before GC invocations=23 (full 0):
 garbage-first heap   total 260096K, used 129033K [0x0000000080000000, 0x0000000100000000)
  region size 1024K, 17 young (17408K), 7 survivors (7168K)
 Metaspace       used 120340K, capacity 127254K, committed 127356K, reserved 1157120K
  class space    used 17006K, capacity 19870K, committed 19968K, reserved 1048576K
}
Event: 12.047 GC heap after
{Heap after GC invocations=24 (full 0):
 garbage-first heap   total 260096K, used 121162K [0x0000000080000000, 0x0000000100000000)
  region size 1024K, 7 young (7168K), 7 survivors (7168K)
 Metaspace       used 120340K, capacity 127254K, committed 127356K, reserved 1157120K
  class space    used 17006K, capacity 19870K, committed 19968K, reserved 1048576K
}
Event: 12.276 GC heap before
{Heap before GC invocations=25 (full 0):
 garbage-first heap   total 260096K, used 137546K [0x0000000080000000, 0x0000000100000000)
  region size 1024K, 9 young (9216K), 7 survivors (7168K)
 Metaspace       used 120512K, capacity 127450K, committed 127612K, reserved 1157120K
  class space    used 17028K, capacity 19871K, committed 19968K, reserved 1048576K
}
Event: 12.282 GC heap after
{Heap after GC invocations=26 (full 0):
 garbage-first heap   total 260096K, used 105732K [0x0000000080000000, 0x0000000100000000)
  region size 1024K, 6 young (6144K), 6 survivors (6144K)
 Metaspace       used 120512K, capacity 127450K, committed 127612K, reserved 1157120K
  class space    used 17028K, capacity 19871K, committed 19968K, reserved 1048576K
}
Event: 2638.072 GC heap before
{Heap before GC invocations=27 (full 0):
 garbage-first heap   total 260096K, used 198916K [0x0000000080000000, 0x0000000100000000)
  region size 1024K, 87 young (89088K), 6 survivors (6144K)
 Metaspace       used 125129K, capacity 132113K, committed 132348K, reserved 1161216K
  class space    used 17435K, capacity 20349K, committed 20352K, reserved 1048576K
}
Event: 2638.080 GC heap after
{Heap after GC invocations=28 (full 0):
 garbage-first heap   total 260096K, used 105932K [0x0000000080000000, 0x0000000100000000)
  region size 1024K, 6 young (6144K), 6 survivors (6144K)
 Metaspace       used 125129K, capacity 132113K, committed 132348K, reserved 1161216K
  class space    used 17435K, capacity 20349K, committed 20352K, reserved 1048576K
}

Deoptimization events (20 events):
Event: 257.072 Thread 0x00000268fca40000 DEOPT PACKING pc=0x000002688835c2a8 sp=0x0000008f0d4fe2d0
Event: 257.072 Thread 0x00000268fca40000 DEOPT UNPACKING pc=0x000002688004a1af sp=0x0000008f0d4fe258 mode 2
Event: 2501.505 Thread 0x00000268fcb0c800 DEOPT PACKING pc=0x00000268818acab1 sp=0x0000008f0d3fe1e0
Event: 2501.505 Thread 0x00000268fcb0c800 DEOPT UNPACKING pc=0x000002688004a95e sp=0x0000008f0d3fd6a8 mode 0
Event: 2794.325 Thread 0x00000268fc7a6000 Uncommon trap: trap_request=0xffffffc6 fr.pc=0x00000268882d5c94 relative=0x00000000000003f4
Event: 2794.325 Thread 0x00000268fc7a6000 Uncommon trap: reason=bimorphic_or_optimized_type_check action=maybe_recompile pc=0x00000268882d5c94 method=java.lang.ThreadLocal.setInitialValue()Ljava/lang/Object; @ 31 c2
Event: 2794.325 Thread 0x00000268fc7a6000 DEOPT PACKING pc=0x00000268882d5c94 sp=0x0000008f0e8fcbe0
Event: 2794.325 Thread 0x00000268fc7a6000 DEOPT UNPACKING pc=0x000002688004a1af sp=0x0000008f0e8fcb10 mode 2
Event: 2794.359 Thread 0x0000026893f6a800 Uncommon trap: trap_request=0xffffffde fr.pc=0x0000026888368bc0 relative=0x0000000000001680
Event: 2794.359 Thread 0x0000026893f6a800 Uncommon trap: reason=class_check action=maybe_recompile pc=0x0000026888368bc0 method=sun.management.spi.PlatformMBeanProvider$PlatformComponent.getMBeans(Ljava/lang/Class;)Ljava/util/List; @ 26 c2
Event: 2794.359 Thread 0x0000026893f6a800 DEOPT PACKING pc=0x0000026888368bc0 sp=0x0000008f0d5fe1e0
Event: 2794.359 Thread 0x0000026893f6a800 DEOPT UNPACKING pc=0x000002688004a1af sp=0x0000008f0d5fe1a8 mode 2
Event: 2794.360 Thread 0x0000026893f6a800 Uncommon trap: trap_request=0xffffff4d fr.pc=0x00000268883cf978 relative=0x0000000000003bd8
Event: 2794.360 Thread 0x0000026893f6a800 Uncommon trap: reason=unstable_if action=reinterpret pc=0x00000268883cf978 method=org.gradle.internal.logging.console.StyledTextOutputBackedRenderer.onOutput(Lorg/gradle/internal/logging/events/OutputEvent;)V @ 4 c2
Event: 2794.360 Thread 0x0000026893f6a800 DEOPT PACKING pc=0x00000268883cf978 sp=0x0000008f0d5fdbf0
Event: 2794.360 Thread 0x0000026893f6a800 DEOPT UNPACKING pc=0x000002688004a1af sp=0x0000008f0d5fdae0 mode 2
Event: 2794.362 Thread 0x0000026893f6a800 Uncommon trap: trap_request=0xffffff4d fr.pc=0x0000026888353bf4 relative=0x0000000000007274
Event: 2794.362 Thread 0x0000026893f6a800 Uncommon trap: reason=unstable_if action=reinterpret pc=0x0000026888353bf4 method=org.gradle.internal.logging.sink.OutputEventTransformer.onOutput(Lorg/gradle/internal/logging/events/OutputEvent;)V @ 84 c2
Event: 2794.362 Thread 0x0000026893f6a800 DEOPT PACKING pc=0x0000026888353bf4 sp=0x0000008f0d5fd280
Event: 2794.362 Thread 0x0000026893f6a800 DEOPT UNPACKING pc=0x000002688004a1af sp=0x0000008f0d5fd278 mode 2

Classes redefined (0 events):
No events

Internal exceptions (20 events):
Event: 11.707 Thread 0x00000268951de000 Exception <a 'sun/nio/fs/WindowsException'{0x0000000089f58618}> (0x0000000089f58618) thrown at [src/hotspot/share/prims/jni.cpp, line 617]
Event: 11.776 Thread 0x00000268951de000 Exception <a 'java/lang/NoSuchMethodError'{0x000000008960ef70}: <clinit>> (0x000000008960ef70) thrown at [src/hotspot/share/prims/jni.cpp, line 1367]
Event: 11.777 Thread 0x00000268951de000 Exception <a 'java/lang/NoSuchMethodError'{0x0000000089621970}: <clinit>> (0x0000000089621970) thrown at [src/hotspot/share/prims/jni.cpp, line 1367]
Event: 11.807 Thread 0x0000026893f72000 Implicit null exception at 0x0000026888274de3 to 0x0000026888275668
Event: 11.814 Thread 0x0000026893f72000 Exception <a 'sun/nio/fs/WindowsException'{0x000000008949db10}> (0x000000008949db10) thrown at [src/hotspot/share/prims/jni.cpp, line 617]
Event: 11.818 Thread 0x0000026893f72000 Implicit null exception at 0x000002688812dbd8 to 0x0000026888130120
Event: 11.891 Thread 0x0000026893f72000 Exception <a 'java/lang/NoSuchMethodError'{0x000000008fd558a8}: 'java.lang.Object java.lang.invoke.DirectMethodHandle$Holder.invokeStatic(java.lang.Object, java.lang.Object, java.lang.Object, java.lang.Object, java.lang.Object, int, java.lang.Object)'> (0x000000008fd558a8) thrown at [src/hotspot/share/interpreter/linkResolver.cpp, line 773]
Event: 11.892 Thread 0x0000026893f72000 Exception <a 'java/lang/NoSuchMethodError'{0x000000008fd5cb90}: 'java.lang.Object java.lang.invoke.Invokers$Holder.linkToTargetMethod(java.lang.Object, java.lang.Object, java.lang.Object, java.lang.Object, int, java.lang.Object, java.lang.Object)'> (0x000000008fd5cb90) thrown at [src/hotspot/share/interpreter/linkResolver.cpp, line 773]
Event: 11.943 Thread 0x0000026893f72000 Exception <a 'java/lang/NoSuchMethodError'{0x000000008f95c5c8}: 'java.lang.Object java.lang.invoke.DirectMethodHandle$Holder.invokeStatic(java.lang.Object, java.lang.Object, java.lang.Object, java.lang.Object, java.lang.Object, java.lang.Object, java.lang.Object, int)'> (0x000000008f95c5c8) thrown at [src/hotspot/share/interpreter/linkResolver.cpp, line 773]
Event: 11.943 Thread 0x0000026893f72000 Exception <a 'java/lang/NoSuchMethodError'{0x000000008f960be8}: 'java.lang.Object java.lang.invoke.DirectMethodHandle$Holder.invokeSpecial(java.lang.Object, java.lang.Object, java.lang.Object, java.lang.Object, java.lang.Object, java.lang.Object, java.lang.Object, java.lang.Object, int)'> (0x000000008f960be8) thrown at [src/hotspot/share/interpreter/linkResolver.cpp, line 773]
Event: 11.943 Thread 0x0000026893f72000 Exception <a 'java/lang/NoSuchMethodError'{0x000000008f964b70}: 'java.lang.Object java.lang.invoke.Invokers$Holder.linkToTargetMethod(java.lang.Object, java.lang.Object, java.lang.Object, java.lang.Object, java.lang.Object, java.lang.Object, int, java.lang.Object)'> (0x000000008f964b70) thrown at [src/hotspot/share/interpreter/linkResolver.cpp, line 773]
Event: 11.988 Thread 0x0000026893f72000 Exception <a 'sun/nio/fs/WindowsException'{0x000000008f7c63f0}> (0x000000008f7c63f0) thrown at [src/hotspot/share/prims/jni.cpp, line 617]
Event: 11.988 Thread 0x0000026893f72000 Exception <a 'sun/nio/fs/WindowsException'{0x000000008f7c6478}> (0x000000008f7c6478) thrown at [src/hotspot/share/prims/jni.cpp, line 617]
Event: 12.388 Thread 0x0000026893f7e800 Exception <a 'sun/nio/fs/WindowsException'{0x000000008f300f98}> (0x000000008f300f98) thrown at [src/hotspot/share/prims/jni.cpp, line 617]
Event: 12.400 Thread 0x00000268fd1a6000 Exception <a 'sun/nio/fs/WindowsException'{0x000000008f3bc628}> (0x000000008f3bc628) thrown at [src/hotspot/share/prims/jni.cpp, line 617]
Event: 12.400 Thread 0x00000268fd1a6000 Exception <a 'sun/nio/fs/WindowsException'{0x000000008f3bc6b0}> (0x000000008f3bc6b0) thrown at [src/hotspot/share/prims/jni.cpp, line 617]
Event: 12.400 Thread 0x00000268fd1a6000 Exception <a 'sun/nio/fs/WindowsException'{0x000000008f3bdf10}> (0x000000008f3bdf10) thrown at [src/hotspot/share/prims/jni.cpp, line 617]
Event: 21.507 Thread 0x00000268fcb0c800 Implicit null exception at 0x0000026887ee78f7 to 0x0000026887ee7ee0
Event: 21.507 Thread 0x00000268fcb0c800 Implicit null exception at 0x0000026887e777f4 to 0x0000026887e77e08
Event: 2794.362 Thread 0x0000026893f6a800 Implicit null exception at 0x000002688834ca2c to 0x0000026888353be0

Events (20 events):
Event: 2794.326 loading class org/gradle/internal/snapshot/FileSystemLocationSnapshot done
Event: 2794.326 loading class org/gradle/internal/snapshot/FileSystemLocationSnapshot
Event: 2794.326 loading class org/gradle/internal/snapshot/FileSystemLocationSnapshot done
Event: 2794.326 loading class org/gradle/internal/snapshot/SnapshotHierarchy$NodeDiffListener
Event: 2794.326 loading class org/gradle/internal/snapshot/SnapshotHierarchy$NodeDiffListener done
Event: 2794.352 Thread 0x0000026893f6c800 Thread added: 0x0000026893f6c800
Event: 2794.352 Thread 0x0000026893f6b800 Thread added: 0x0000026893f6b800
Event: 2794.354 Thread 0x0000026893f70800 Thread added: 0x0000026893f70800
Event: 2794.356 Thread 0x0000026893f6a800 Thread added: 0x0000026893f6a800
Event: 2794.357 Executing VM operation: RevokeBias
Event: 2794.357 Executing VM operation: RevokeBias done
Event: 2794.359 Thread 0x0000026893f6f000 Thread added: 0x0000026893f6f000
Event: 2794.359 Thread 0x0000026893f72000 Thread added: 0x0000026893f72000
Event: 2794.359 Thread 0x0000026893f6f800 Thread added: 0x0000026893f6f800
Event: 2794.363 Executing VM operation: RevokeBias
Event: 2794.364 Executing VM operation: RevokeBias done
Event: 2794.365 loading class org/gradle/internal/watch/vfs/impl/WatchingVirtualFileSystem
Event: 2794.365 loading class org/gradle/internal/watch/vfs/impl/WatchingVirtualFileSystem done
Event: 2794.372 Thread 0x00000268fc006000 Thread added: 0x00000268fc006000
Event: 2794.372 Thread 0x0000026893599800 Thread added: 0x0000026893599800


Dynamic libraries:
0x00007ff6c3380000 - 0x00007ff6c338a000 	C:\Program Files\Android\Android Studio\jbr\bin\java.exe
0x00007ff84de90000 - 0x00007ff84e086000 	C:\Windows\SYSTEM32\ntdll.dll
0x00007ff84d3f0000 - 0x00007ff84d4ad000 	C:\Windows\System32\KERNEL32.DLL
0x00007ff84bb20000 - 0x00007ff84bde8000 	C:\Windows\System32\KERNELBASE.dll
0x00007ff84ba20000 - 0x00007ff84bb20000 	C:\Windows\System32\ucrtbase.dll
0x00007ff8468b0000 - 0x00007ff8468c7000 	C:\Program Files\Android\Android Studio\jbr\bin\jli.dll
0x00007ff845a20000 - 0x00007ff845a3b000 	C:\Program Files\Android\Android Studio\jbr\bin\VCRUNTIME140.dll
0x00007ff84d790000 - 0x00007ff84d930000 	C:\Windows\System32\USER32.dll
0x00007ff839020000 - 0x00007ff8392bb000 	C:\Windows\WinSxS\amd64_microsoft.windows.common-controls_6595b64144ccf1df_6.0.19041.488_none_ca04af081b815d21\COMCTL32.dll
0x00007ff84be20000 - 0x00007ff84be42000 	C:\Windows\System32\win32u.dll
0x00007ff84d3c0000 - 0x00007ff84d3ea000 	C:\Windows\System32\GDI32.dll
0x00007ff84c0f0000 - 0x00007ff84c18e000 	C:\Windows\System32\msvcrt.dll
0x00007ff84b7b0000 - 0x00007ff84b8b9000 	C:\Windows\System32\gdi32full.dll
0x00007ff84be50000 - 0x00007ff84beed000 	C:\Windows\System32\msvcp_win.dll
0x00007ff84d9b0000 - 0x00007ff84d9e0000 	C:\Windows\System32\IMM32.DLL
0x00007ff8468a0000 - 0x00007ff8468ac000 	C:\Program Files\Android\Android Studio\jbr\bin\vcruntime140_1.dll
0x00007ff83a380000 - 0x00007ff83a40d000 	C:\Program Files\Android\Android Studio\jbr\bin\msvcp140.dll
0x00007ff80bb20000 - 0x00007ff80c6dc000 	C:\Program Files\Android\Android Studio\jbr\bin\server\jvm.dll
0x00007ff84d670000 - 0x00007ff84d71c000 	C:\Windows\System32\ADVAPI32.dll
0x00007ff84c190000 - 0x00007ff84c22b000 	C:\Windows\System32\sechost.dll
0x00007ff84bef0000 - 0x00007ff84c014000 	C:\Windows\System32\RPCRT4.dll
0x00007ff84d4b0000 - 0x00007ff84d4b8000 	C:\Windows\System32\PSAPI.DLL
0x00007ff835cb0000 - 0x00007ff835cb9000 	C:\Windows\SYSTEM32\WSOCK32.dll
0x00007ff83d020000 - 0x00007ff83d047000 	C:\Windows\SYSTEM32\WINMM.dll
0x00007ff84d350000 - 0x00007ff84d3bb000 	C:\Windows\System32\WS2_32.dll
0x00007ff844250000 - 0x00007ff84425a000 	C:\Windows\SYSTEM32\VERSION.dll
0x00007ff849520000 - 0x00007ff849532000 	C:\Windows\SYSTEM32\kernel.appcore.dll
0x00007ff845a10000 - 0x00007ff845a20000 	C:\Program Files\Android\Android Studio\jbr\bin\verify.dll
0x00007ff846f10000 - 0x00007ff8470f4000 	C:\Windows\SYSTEM32\DBGHELP.DLL
0x00007ff846e90000 - 0x00007ff846ebc000 	C:\Windows\SYSTEM32\dbgcore.DLL
0x00007ff84b630000 - 0x00007ff84b6af000 	C:\Windows\System32\bcryptPrimitives.dll
0x00007ff818270000 - 0x00007ff818298000 	C:\Program Files\Android\Android Studio\jbr\bin\java.dll
0x00007ff843660000 - 0x00007ff84366a000 	C:\Program Files\Android\Android Studio\jbr\bin\jimage.dll
0x00007ff817950000 - 0x00007ff817968000 	C:\Program Files\Android\Android Studio\jbr\bin\zip.dll
0x00007ff84c790000 - 0x00007ff84ced1000 	C:\Windows\System32\SHELL32.dll
0x00007ff849720000 - 0x00007ff849eb5000 	C:\Windows\SYSTEM32\windows.storage.dll
0x00007ff84c2c0000 - 0x00007ff84c615000 	C:\Windows\System32\combase.dll
0x00007ff84b040000 - 0x00007ff84b06c000 	C:\Windows\SYSTEM32\Wldp.dll
0x00007ff84c040000 - 0x00007ff84c0ee000 	C:\Windows\System32\SHCORE.dll
0x00007ff84d720000 - 0x00007ff84d775000 	C:\Windows\System32\shlwapi.dll
0x00007ff84b500000 - 0x00007ff84b526000 	C:\Windows\SYSTEM32\profapi.dll
0x00007ff817930000 - 0x00007ff817949000 	C:\Program Files\Android\Android Studio\jbr\bin\net.dll
0x00007ff8434d0000 - 0x00007ff8435d0000 	C:\Windows\SYSTEM32\WINHTTP.dll
0x00007ff84adc0000 - 0x00007ff84ae2a000 	C:\Windows\system32\mswsock.dll
0x00007ff80d650000 - 0x00007ff80d663000 	C:\Program Files\Android\Android Studio\jbr\bin\nio.dll
0x00007ff8468d0000 - 0x00007ff8468f7000 	C:\Users\USER\.gradle\native\e1d6ef7f7dcc3fd88c89a11ec53ec762bb8ba0a96d01ffa2cd45eb1d1d8dd5c5\windows-amd64\native-platform.dll
0x00007ff824430000 - 0x00007ff824574000 	C:\Users\USER\.gradle\native\0d407fdbe67a94daf76414ababcb853783967236a71b16ec16e742cd7a986fd3\windows-amd64\native-platform-file-events.dll
0x00007ff8337e0000 - 0x00007ff8337ea000 	C:\Program Files\Android\Android Studio\jbr\bin\management.dll
0x00007ff833760000 - 0x00007ff83376b000 	C:\Program Files\Android\Android Studio\jbr\bin\management_ext.dll
0x00007ff84af90000 - 0x00007ff84afa8000 	C:\Windows\SYSTEM32\CRYPTSP.dll
0x00007ff84a6e0000 - 0x00007ff84a714000 	C:\Windows\system32\rsaenh.dll
0x00007ff84bdf0000 - 0x00007ff84be17000 	C:\Windows\System32\bcrypt.dll
0x00007ff84b4c0000 - 0x00007ff84b4ee000 	C:\Windows\SYSTEM32\USERENV.dll
0x00007ff84afb0000 - 0x00007ff84afbc000 	C:\Windows\SYSTEM32\CRYPTBASE.dll
0x00007ff84aa60000 - 0x00007ff84aa9b000 	C:\Windows\SYSTEM32\IPHLPAPI.DLL
0x00007ff84d140000 - 0x00007ff84d148000 	C:\Windows\System32\NSI.dll
0x00007ff841db0000 - 0x00007ff841dc7000 	C:\Windows\SYSTEM32\dhcpcsvc6.DLL
0x00007ff842e40000 - 0x00007ff842e5d000 	C:\Windows\SYSTEM32\dhcpcsvc.DLL
0x00007ff84aaa0000 - 0x00007ff84ab6b000 	C:\Windows\SYSTEM32\DNSAPI.dll
0x00007ff80b7b0000 - 0x00007ff80b7d7000 	C:\Program Files\Android\Android Studio\jbr\bin\sunec.dll

dbghelp: loaded successfully - version: 4.0.5 - missing functions: none
symbol engine: initialized successfully - sym options: 0x614 - pdb path: .;C:\Program Files\Android\Android Studio\jbr\bin;C:\Windows\SYSTEM32;C:\Windows\WinSxS\amd64_microsoft.windows.common-controls_6595b64144ccf1df_6.0.19041.488_none_ca04af081b815d21;C:\Program Files\Android\Android Studio\jbr\bin\server;C:\Users\USER\.gradle\native\e1d6ef7f7dcc3fd88c89a11ec53ec762bb8ba0a96d01ffa2cd45eb1d1d8dd5c5\windows-amd64;C:\Users\USER\.gradle\native\0d407fdbe67a94daf76414ababcb853783967236a71b16ec16e742cd7a986fd3\windows-amd64

VM Arguments:
jvm_args: --add-opens=java.base/java.util=ALL-UNNAMED --add-opens=java.base/java.lang=ALL-UNNAMED --add-opens=java.base/java.lang.invoke=ALL-UNNAMED --add-opens=java.base/java.util=ALL-UNNAMED --add-opens=java.prefs/java.util.prefs=ALL-UNNAMED --add-opens=java.prefs/java.util.prefs=ALL-UNNAMED --add-opens=java.base/java.nio.charset=ALL-UNNAMED --add-opens=java.base/java.net=ALL-UNNAMED --add-opens=java.base/java.util.concurrent.atomic=ALL-UNNAMED -Xmx2048m -Dfile.encoding=UTF-8 -Duser.country=IN -Duser.language=en -Duser.variant 
java_command: org.gradle.launcher.daemon.bootstrap.GradleDaemon 7.5
java_class_path (initial): C:\Users\USER\.gradle\wrapper\dists\gradle-7.5-bin\f1w0cc9nuo0eivz97x2xlu9sv\gradle-7.5\lib\gradle-launcher-7.5.jar
Launcher Type: SUN_STANDARD

[Global flags]
     intx CICompilerCount                          = 4                                         {product} {ergonomic}
     uint ConcGCThreads                            = 3                                         {product} {ergonomic}
     uint G1ConcRefinementThreads                  = 10                                        {product} {ergonomic}
   size_t G1HeapRegionSize                         = 1048576                                   {product} {ergonomic}
    uintx GCDrainStackTargetSize                   = 64                                        {product} {ergonomic}
   size_t InitialHeapSize                          = 266338304                                 {product} {ergonomic}
   size_t MarkStackSize                            = 4194304                                   {product} {ergonomic}
   size_t MaxHeapSize                              = 2147483648                                {product} {command line}
   size_t MaxNewSize                               = 1287651328                                {product} {ergonomic}
   size_t MinHeapDeltaBytes                        = 1048576                                   {product} {ergonomic}
    uintx NonNMethodCodeHeapSize                   = 5836300                                {pd product} {ergonomic}
    uintx NonProfiledCodeHeapSize                  = 122910970                              {pd product} {ergonomic}
    uintx ProfiledCodeHeapSize                     = 122910970                              {pd product} {ergonomic}
    uintx ReservedCodeCacheSize                    = 251658240                              {pd product} {ergonomic}
     bool SegmentedCodeCache                       = true                                      {product} {ergonomic}
     bool UseCompressedClassPointers               = true                                 {lp64_product} {ergonomic}
     bool UseCompressedOops                        = true                                 {lp64_product} {ergonomic}
     bool UseG1GC                                  = true                                      {product} {ergonomic}
     bool UseLargePagesIndividualAllocation        = false                                  {pd product} {ergonomic}

Logging:
Log output configuration:
 #0: stdout all=warning uptime,level,tags
 #1: stderr all=off uptime,level,tags

Environment Variables:
PATH=C:\Windows\system32;C:\Windows;C:\Windows\System32\Wbem;C:\Windows\System32\WindowsPowerShell\v1.0\;C:\Windows\System32\OpenSSH\;C:\Program Files\Intel\WiFi\bin\;C:\Program Files\Common Files\Intel\WirelessCommon\;C:\Program Files (x86)\NVIDIA Corporation\PhysX\Common;C:\Program Files\Git\cmd;C:\Users\USER\AppData\Local\Microsoft\WindowsApps;C:\Program Files\Intel\WiFi\bin\;C:\Program Files\Common Files\Intel\WirelessCommon\
USERNAME=USER
OS=Windows_NT
PROCESSOR_IDENTIFIER=Intel64 Family 6 Model 158 Stepping 10, GenuineIntel



---------------  S Y S T E M  ---------------

OS: Windows 10 , 64 bit Build 19041 (10.0.19041.546)
OS uptime: 0 days 8:41 hours

CPU:total 12 (initial active 12) (6 cores per cpu, 2 threads per core) family 6 model 158 stepping 10 microcode 0xb4, cmov, cx8, fxsr, mmx, sse, sse2, sse3, ssse3, sse4.1, sse4.2, popcnt, avx, avx2, aes, clmul, erms, 3dnowpref, lzcnt, ht, tsc, tscinvbit, bmi1, bmi2, adx, fma

Memory: 4k page, system-wide physical 16226M (7448M free)
TotalPageFile size 26466M (AvailPageFile size 16576M)
current process WorkingSet (physical memory assigned to process): 539M, peak: 630M
current process commit charge ("private bytes"): 601M, peak: 671M

vm_info: OpenJDK 64-Bit Server VM (11.0.15+0-b2043.56-9505619) for windows-amd64 JRE (11.0.15+0-b2043.56-9505619), built on Jan 19 2023 02:48:00 by "builduser" with unknown MS VC++:1929

END.
